<?xml version="1.0" encoding="UTF-8"?>
<coverage generated="1781567881898" clover="3.2.0">
  <project timestamp="1781567881898" name="All files">
    <metrics statements="300" coveredstatements="243" conditionals="166" coveredconditionals="117" methods="59" coveredmethods="49" elements="525" coveredelements="409" complexity="0" loc="300" ncloc="300" packages="4" files="6" classes="6"/>
    <package name="lap-counter">
      <metrics statements="27" coveredstatements="25" conditionals="28" coveredconditionals="19" methods="12" coveredmethods="10"/>
      <file name="App.tsx" path="C:\Users\senth\OneDrive\Documents\lap-counter\App.tsx">
        <metrics statements="27" coveredstatements="25" conditionals="28" coveredconditionals="19" methods="12" coveredmethods="10"/>
        <line num="24" count="23" type="stmt"/>
        <line num="26" count="23" type="stmt"/>
        <line num="27" count="23" type="stmt"/>
        <line num="29" count="23" type="stmt"/>
        <line num="30" count="23" type="stmt"/>
        <line num="31" count="23" type="stmt"/>
        <line num="32" count="23" type="cond" truecount="2" falsecount="0"/>
        <line num="34" count="23" type="stmt"/>
        <line num="35" count="13" type="cond" truecount="1" falsecount="1"/>
        <line num="36" count="13" type="stmt"/>
        <line num="39" count="23" type="stmt"/>
        <line num="40" count="7" type="stmt"/>
        <line num="41" count="7" type="cond" truecount="4" falsecount="0"/>
        <line num="42" count="2" type="stmt"/>
        <line num="43" count="2" type="stmt"/>
        <line num="45" count="5" type="stmt"/>
        <line num="48" count="23" type="stmt"/>
        <line num="121" count="17" type="stmt"/>
        <line num="135" count="17" type="stmt"/>
        <line num="158" count="6" type="stmt"/>
        <line num="185" count="6" type="stmt"/>
        <line num="194" count="6" type="stmt"/>
        <line num="211" count="0" type="stmt"/>
        <line num="228" count="0" type="stmt"/>
        <line num="246" count="1" type="stmt"/>
        <line num="267" count="4" type="stmt"/>
        <line num="275" count="1" type="stmt"/>
      </file>
    </package>
    <package name="lap-counter.src.logic">
      <metrics statements="106" coveredstatements="105" conditionals="85" coveredconditionals="77" methods="11" coveredmethods="11"/>
      <file name="fingerprint.ts" path="C:\Users\senth\OneDrive\Documents\lap-counter\src\logic\fingerprint.ts">
        <metrics statements="43" coveredstatements="43" conditionals="32" coveredconditionals="26" methods="6" coveredmethods="6"/>
        <line num="19" count="5" type="stmt"/>
        <line num="29" count="305" type="cond" truecount="4" falsecount="0"/>
        <line num="30" count="304" type="stmt"/>
        <line num="31" count="304" type="stmt"/>
        <line num="32" count="2003" type="cond" truecount="2" falsecount="0"/>
        <line num="34" count="304" type="stmt"/>
        <line num="35" count="304" type="cond" truecount="1" falsecount="1"/>
        <line num="44" count="305" type="stmt"/>
        <line num="45" count="305" type="stmt"/>
        <line num="46" count="2003" type="cond" truecount="2" falsecount="0"/>
        <line num="48" count="305" type="cond" truecount="2" falsecount="0"/>
        <line num="50" count="289" type="stmt"/>
        <line num="51" count="289" type="stmt"/>
        <line num="52" count="289" type="stmt"/>
        <line num="53" count="289" type="stmt"/>
        <line num="54" count="1748" type="cond" truecount="1" falsecount="1"/>
        <line num="55" count="1748" type="cond" truecount="1" falsecount="1"/>
        <line num="56" count="1748" type="stmt"/>
        <line num="57" count="1748" type="stmt"/>
        <line num="58" count="1748" type="stmt"/>
        <line num="60" count="289" type="cond" truecount="3" falsecount="1"/>
        <line num="61" count="289" type="stmt"/>
        <line num="78" count="305" type="stmt"/>
        <line num="79" count="305" type="stmt"/>
        <line num="80" count="305" type="stmt"/>
        <line num="81" count="305" type="stmt"/>
        <line num="82" count="305" type="stmt"/>
        <line num="87" count="296" type="stmt"/>
        <line num="100" count="171" type="stmt"/>
        <line num="101" count="171" type="stmt"/>
        <line num="105" count="171" type="stmt"/>
        <line num="106" count="421" type="stmt"/>
        <line num="107" count="421" type="stmt"/>
        <line num="108" count="421" type="cond" truecount="4" falsecount="0"/>
        <line num="109" count="364" type="stmt"/>
        <line num="110" count="57" type="cond" truecount="2" falsecount="0"/>
        <line num="112" count="54" type="stmt"/>
        <line num="113" count="3" type="cond" truecount="1" falsecount="1"/>
        <line num="114" count="3" type="stmt"/>
        <line num="118" count="171" type="stmt"/>
        <line num="119" count="421" type="cond" truecount="2" falsecount="0"/>
        <line num="122" count="171" type="stmt"/>
        <line num="131" count="76" type="stmt"/>
      </file>
      <file name="lapDetector.ts" path="C:\Users\senth\OneDrive\Documents\lap-counter\src\logic\lapDetector.ts">
        <metrics statements="63" coveredstatements="62" conditionals="53" coveredconditionals="51" methods="5" coveredmethods="5"/>
        <line num="40" count="4" type="stmt"/>
        <line num="86" count="74" type="stmt"/>
        <line num="107" count="16" type="cond" truecount="1" falsecount="1"/>
        <line num="109" count="16" type="stmt"/>
        <line num="110" count="16" type="stmt"/>
        <line num="111" count="93" type="stmt"/>
        <line num="112" count="520" type="cond" truecount="2" falsecount="0"/>
        <line num="113" count="520" type="stmt"/>
        <line num="114" count="520" type="stmt"/>
        <line num="115" count="520" type="stmt"/>
        <line num="119" count="16" type="stmt"/>
        <line num="120" count="16" type="stmt"/>
        <line num="121" count="16" type="stmt"/>
        <line num="122" count="88" type="cond" truecount="2" falsecount="0"/>
        <line num="126" count="93" type="stmt"/>
        <line num="128" count="16" type="stmt"/>
        <line num="137" count="428" type="cond" truecount="4" falsecount="1"/>
        <line num="139" count="28" type="cond" truecount="2" falsecount="0"/>
        <line num="143" count="28" type="stmt"/>
        <line num="152" count="5" type="stmt"/>
        <line num="155" count="395" type="stmt"/>
        <line num="157" count="395" type="cond" truecount="4" falsecount="0"/>
        <line num="158" count="6" type="stmt"/>
        <line num="161" count="389" type="cond" truecount="2" falsecount="0"/>
        <line num="162" count="95" type="cond" truecount="2" falsecount="0"/>
        <line num="163" count="95" type="stmt"/>
        <line num="164" count="95" type="stmt"/>
        <line num="165" count="95" type="cond" truecount="4" falsecount="0"/>
        <line num="166" count="16" type="stmt"/>
        <line num="167" count="16" type="stmt"/>
        <line num="178" count="79" type="stmt"/>
        <line num="186" count="294" type="stmt"/>
        <line num="187" count="294" type="stmt"/>
        <line num="188" count="294" type="stmt"/>
        <line num="194" count="294" type="stmt"/>
        <line num="196" count="294" type="cond" truecount="2" falsecount="0"/>
        <line num="197" count="294" type="stmt"/>
        <line num="200" count="294" type="cond" truecount="3" falsecount="0"/>
        <line num="203" count="294" type="stmt"/>
        <line num="205" count="294" type="cond" truecount="2" falsecount="0"/>
        <line num="206" count="203" type="cond" truecount="2" falsecount="0"/>
        <line num="207" count="21" type="stmt"/>
        <line num="209" count="182" type="stmt"/>
        <line num="212" count="91" type="cond" truecount="2" falsecount="0"/>
        <line num="213" count="72" type="cond" truecount="2" falsecount="0"/>
        <line num="214" count="20" type="stmt"/>
        <line num="216" count="52" type="stmt"/>
        <line num="220" count="19" type="cond" truecount="2" falsecount="0"/>
        <line num="221" count="1" type="stmt"/>
        <line num="223" count="18" type="cond" truecount="4" falsecount="0"/>
        <line num="224" count="17" type="stmt"/>
        <line num="225" count="17" type="stmt"/>
        <line num="230" count="17" type="stmt"/>
        <line num="231" count="17" type="stmt"/>
        <line num="240" count="1" type="stmt"/>
        <line num="244" count="0" type="stmt"/>
        <line num="250" count="48" type="cond" truecount="6" falsecount="0"/>
        <line num="252" count="24" type="stmt"/>
        <line num="254" count="17" type="stmt"/>
        <line num="256" count="3" type="stmt"/>
        <line num="258" count="1" type="stmt"/>
        <line num="260" count="1" type="stmt"/>
        <line num="262" count="2" type="stmt"/>
      </file>
    </package>
    <package name="lap-counter.src.sensors">
      <metrics statements="99" coveredstatements="60" conditionals="37" coveredconditionals="14" methods="23" coveredmethods="16"/>
      <file name="bleScanner.ts" path="C:\Users\senth\OneDrive\Documents\lap-counter\src\sensors\bleScanner.ts">
        <metrics statements="51" coveredstatements="34" conditionals="25" coveredconditionals="13" methods="15" coveredmethods="12"/>
        <line num="13" count="2" type="stmt"/>
        <line num="16" count="9" type="cond" truecount="1" falsecount="1"/>
        <line num="17" count="9" type="stmt"/>
        <line num="19" count="9" type="stmt"/>
        <line num="27" count="13" type="cond" truecount="2" falsecount="0"/>
        <line num="28" count="7" type="stmt"/>
        <line num="29" count="7" type="stmt"/>
        <line num="34" count="13" type="stmt"/>
        <line num="42" count="9" type="stmt"/>
        <line num="43" count="9" type="cond" truecount="1" falsecount="1"/>
        <line num="45" count="0" type="stmt"/>
        <line num="46" count="0" type="stmt"/>
        <line num="47" count="0" type="stmt"/>
        <line num="48" count="0" type="stmt"/>
        <line num="51" count="0" type="stmt"/>
        <line num="52" count="0" type="cond" truecount="0" falsecount="2"/>
        <line num="53" count="0" type="stmt"/>
        <line num="54" count="0" type="stmt"/>
        <line num="55" count="0" type="stmt"/>
        <line num="56" count="0" type="cond" truecount="0" falsecount="4"/>
        <line num="57" count="0" type="stmt"/>
        <line num="58" count="0" type="stmt"/>
        <line num="59" count="0" type="stmt"/>
        <line num="77" count="9" type="stmt"/>
        <line num="78" count="9" type="stmt"/>
        <line num="80" count="9" type="stmt"/>
        <line num="84" count="43" type="cond" truecount="1" falsecount="1"/>
        <line num="85" count="0" type="stmt"/>
        <line num="86" count="0" type="stmt"/>
        <line num="88" count="43" type="cond" truecount="3" falsecount="1"/>
        <line num="89" count="43" type="stmt"/>
        <line num="98" count="9" type="stmt"/>
        <line num="100" count="9" type="stmt"/>
        <line num="101" count="9" type="stmt"/>
        <line num="117" count="41" type="stmt"/>
        <line num="120" count="41" type="stmt"/>
        <line num="124" count="43" type="cond" truecount="2" falsecount="0"/>
        <line num="125" count="43" type="stmt"/>
        <line num="126" count="43" type="stmt"/>
        <line num="134" count="8" type="stmt"/>
        <line num="135" count="8" type="stmt"/>
        <line num="136" count="8" type="stmt"/>
        <line num="137" count="168" type="stmt"/>
        <line num="138" count="38" type="cond" truecount="1" falsecount="1"/>
        <line num="139" count="0" type="stmt"/>
        <line num="140" count="0" type="stmt"/>
        <line num="142" count="38" type="stmt"/>
        <line num="143" count="153" type="stmt"/>
        <line num="144" count="38" type="stmt"/>
        <line num="146" count="8" type="stmt"/>
        <line num="150" count="16" type="stmt"/>
      </file>
      <file name="motionTracker.ts" path="C:\Users\senth\OneDrive\Documents\lap-counter\src\sensors\motionTracker.ts">
        <metrics statements="48" coveredstatements="26" conditionals="12" coveredconditionals="1" methods="8" coveredmethods="4"/>
        <line num="30" count="2" type="stmt"/>
        <line num="38" count="9" type="stmt"/>
        <line num="39" count="9" type="stmt"/>
        <line num="40" count="9" type="stmt"/>
        <line num="41" count="9" type="stmt"/>
        <line num="42" count="9" type="stmt"/>
        <line num="43" count="9" type="stmt"/>
        <line num="44" count="9" type="stmt"/>
        <line num="45" count="9" type="stmt"/>
        <line num="47" count="9" type="stmt"/>
        <line num="48" count="9" type="stmt"/>
        <line num="49" count="9" type="stmt"/>
        <line num="52" count="9" type="stmt"/>
        <line num="53" count="9" type="stmt"/>
        <line num="54" count="0" type="stmt"/>
        <line num="55" count="0" type="cond" truecount="0" falsecount="2"/>
        <line num="57" count="0" type="stmt"/>
        <line num="58" count="0" type="cond" truecount="0" falsecount="2"/>
        <line num="59" count="0" type="cond" truecount="0" falsecount="2"/>
        <line num="60" count="0" type="stmt"/>
        <line num="61" count="0" type="stmt"/>
        <line num="65" count="9" type="stmt"/>
        <line num="66" count="9" type="stmt"/>
        <line num="67" count="9" type="cond" truecount="1" falsecount="1"/>
        <line num="68" count="9" type="stmt"/>
        <line num="69" count="0" type="cond" truecount="0" falsecount="2"/>
        <line num="70" count="0" type="stmt"/>
        <line num="71" count="0" type="stmt"/>
        <line num="72" count="0" type="stmt"/>
        <line num="73" count="0" type="stmt"/>
        <line num="75" count="0" type="cond" truecount="0" falsecount="2"/>
        <line num="77" count="0" type="stmt"/>
        <line num="78" count="0" type="stmt"/>
        <line num="79" count="0" type="stmt"/>
        <line num="80" count="0" type="stmt"/>
        <line num="85" count="9" type="stmt"/>
        <line num="87" count="8" type="stmt"/>
        <line num="88" count="8" type="stmt"/>
        <line num="89" count="8" type="stmt"/>
        <line num="98" count="0" type="stmt"/>
        <line num="99" count="0" type="stmt"/>
        <line num="100" count="0" type="stmt"/>
        <line num="101" count="0" type="stmt"/>
        <line num="102" count="0" type="stmt"/>
        <line num="105" count="9" type="stmt"/>
        <line num="106" count="9" type="stmt"/>
        <line num="107" count="9" type="stmt"/>
        <line num="111" count="9" type="stmt"/>
      </file>
    </package>
    <package name="lap-counter.src.state">
      <metrics statements="68" coveredstatements="53" conditionals="16" coveredconditionals="7" methods="13" coveredmethods="12"/>
      <file name="useLapCounter.ts" path="C:\Users\senth\OneDrive\Documents\lap-counter\src\state\useLapCounter.ts">
        <metrics statements="68" coveredstatements="53" conditionals="16" coveredconditionals="7" methods="13" coveredmethods="12"/>
        <line num="21" count="2" type="stmt"/>
        <line num="22" count="2" type="stmt"/>
        <line num="34" count="41" type="stmt"/>
        <line num="35" count="13" type="stmt"/>
        <line num="38" count="41" type="stmt"/>
        <line num="39" count="41" type="stmt"/>
        <line num="40" count="41" type="stmt"/>
        <line num="41" count="41" type="stmt"/>
        <line num="42" count="41" type="stmt"/>
        <line num="43" count="41" type="stmt"/>
        <line num="45" count="41" type="stmt"/>
        <line num="46" count="16" type="cond" truecount="2" falsecount="0"/>
        <line num="47" count="9" type="stmt"/>
        <line num="48" count="9" type="stmt"/>
        <line num="50" count="16" type="stmt"/>
        <line num="51" count="16" type="stmt"/>
        <line num="52" count="16" type="stmt"/>
        <line num="53" count="16" type="stmt"/>
        <line num="54" count="16" type="stmt"/>
        <line num="55" count="16" type="stmt"/>
        <line num="58" count="41" type="stmt"/>
        <line num="60" count="9" type="cond" truecount="1" falsecount="1"/>
        <line num="61" count="9" type="stmt"/>
        <line num="62" count="9" type="stmt"/>
        <line num="63" count="9" type="stmt"/>
        <line num="64" count="9" type="stmt"/>
        <line num="65" count="9" type="stmt"/>
        <line num="66" count="9" type="stmt"/>
        <line num="67" count="9" type="stmt"/>
        <line num="68" count="43" type="stmt"/>
        <line num="70" count="0" type="stmt"/>
        <line num="73" count="9" type="stmt"/>
        <line num="75" count="9" type="stmt"/>
        <line num="77" count="9" type="stmt"/>
        <line num="78" count="8" type="stmt"/>
        <line num="79" count="8" type="cond" truecount="1" falsecount="1"/>
        <line num="80" count="8" type="stmt"/>
        <line num="81" count="8" type="stmt"/>
        <line num="94" count="0" type="stmt"/>
        <line num="97" count="0" type="stmt"/>
        <line num="98" count="0" type="stmt"/>
        <line num="100" count="9" type="stmt"/>
        <line num="106" count="41" type="stmt"/>
        <line num="107" count="2" type="stmt"/>
        <line num="108" count="2" type="stmt"/>
        <line num="111" count="41" type="stmt"/>
        <line num="112" count="1" type="stmt"/>
        <line num="113" count="1" type="stmt"/>
        <line num="118" count="41" type="stmt"/>
        <line num="119" count="41" type="stmt"/>
        <line num="120" count="13" type="cond" truecount="2" falsecount="2"/>
        <line num="121" count="0" type="stmt"/>
        <line num="122" count="0" type="stmt"/>
        <line num="128" count="41" type="stmt"/>
        <line num="129" count="26" type="cond" truecount="1" falsecount="1"/>
        <line num="130" count="0" type="cond" truecount="0" falsecount="2"/>
        <line num="131" count="0" type="stmt"/>
        <line num="132" count="0" type="stmt"/>
        <line num="134" count="0" type="stmt"/>
        <line num="135" count="0" type="stmt"/>
        <line num="136" count="0" type="stmt"/>
        <line num="137" count="0" type="stmt"/>
        <line num="138" count="0" type="stmt"/>
        <line num="139" count="0" type="stmt"/>
        <line num="144" count="41" type="stmt"/>
        <line num="145" count="13" type="stmt"/>
        <line num="146" count="13" type="stmt"/>
        <line num="150" count="41" type="stmt"/>
      </file>
    </package>
  </project>
</coverage>
