{"C:\\Users\\senth\\OneDrive\\Documents\\lap-counter\\App.tsx": {"path":"C:\\Users\\senth\\OneDrive\\Documents\\lap-counter\\App.tsx","statementMap":{"0":{"start":{"line":24,"column":4},"end":{"line":24,"column":19}},"1":{"start":{"line":26,"column":40},"end":{"line":26,"column":82}},"2":{"start":{"line":27,"column":36},"end":{"line":27,"column":51}},"3":{"start":{"line":29,"column":17},"end":{"line":29,"column":40}},"4":{"start":{"line":30,"column":18},"end":{"line":30,"column":40}},"5":{"start":{"line":31,"column":21},"end":{"line":31,"column":47}},"6":{"start":{"line":32,"column":20},"end":{"line":32,"column":43}},"7":{"start":{"line":34,"column":22},"end":{"line":37,"column":27}},"8":{"start":{"line":35,"column":4},"end":{"line":35,"column":30}},"9":{"start":{"line":35,"column":21},"end":{"line":35,"column":30}},"10":{"start":{"line":36,"column":4},"end":{"line":36,"column":45}},"11":{"start":{"line":39,"column":18},"end":{"line":46,"column":3}},"12":{"start":{"line":40,"column":19},"end":{"line":40,"column":44}},"13":{"start":{"line":41,"column":4},"end":{"line":44,"column":5}},"14":{"start":{"line":42,"column":6},"end":{"line":42,"column":80}},"15":{"start":{"line":43,"column":6},"end":{"line":43,"column":13}},"16":{"start":{"line":45,"column":4},"end":{"line":45,"column":40}},"17":{"start":{"line":48,"column":2},"end":{"line":113,"column":4}},"18":{"start":{"line":121,"column":2},"end":{"line":147,"column":4}},"19":{"start":{"line":135,"column":32},"end":{"line":138,"column":9}},"20":{"start":{"line":158,"column":2},"end":{"line":203,"column":4}},"21":{"start":{"line":185,"column":34},"end":{"line":188,"column":11}},"22":{"start":{"line":194,"column":34},"end":{"line":197,"column":11}},"23":{"start":{"line":211,"column":2},"end":{"line":236,"column":4}},"24":{"start":{"line":228,"column":32},"end":{"line":231,"column":9}},"25":{"start":{"line":246,"column":2},"end":{"line":263,"column":4}},"26":{"start":{"line":267,"column":2},"end":{"line":272,"column":4}},"27":{"start":{"line":275,"column":15},"end":{"line":470,"column":2}}},"fnMap":{"0":{"name":"App","decl":{"start":{"line":22,"column":24},"end":{"line":22,"column":27}},"loc":{"start":{"line":22,"column":30},"end":{"line":114,"column":1}},"line":22},"1":{"name":"(anonymous_1)","decl":{"start":{"line":34,"column":30},"end":{"line":34,"column":31}},"loc":{"start":{"line":34,"column":36},"end":{"line":37,"column":3}},"line":34},"2":{"name":"(anonymous_2)","decl":{"start":{"line":39,"column":18},"end":{"line":39,"column":19}},"loc":{"start":{"line":39,"column":30},"end":{"line":46,"column":3}},"line":39},"3":{"name":"SetupCard","decl":{"start":{"line":116,"column":9},"end":{"line":116,"column":18}},"loc":{"start":{"line":120,"column":3},"end":{"line":148,"column":1}},"line":120},"4":{"name":"(anonymous_4)","decl":{"start":{"line":135,"column":15},"end":{"line":135,"column":16}},"loc":{"start":{"line":135,"column":32},"end":{"line":138,"column":9}},"line":135},"5":{"name":"RunningCard","decl":{"start":{"line":150,"column":9},"end":{"line":150,"column":20}},"loc":{"start":{"line":157,"column":3},"end":{"line":204,"column":1}},"line":157},"6":{"name":"(anonymous_6)","decl":{"start":{"line":185,"column":17},"end":{"line":185,"column":18}},"loc":{"start":{"line":185,"column":34},"end":{"line":188,"column":11}},"line":185},"7":{"name":"(anonymous_7)","decl":{"start":{"line":194,"column":17},"end":{"line":194,"column":18}},"loc":{"start":{"line":194,"column":34},"end":{"line":197,"column":11}},"line":194},"8":{"name":"FinishedCard","decl":{"start":{"line":206,"column":9},"end":{"line":206,"column":21}},"loc":{"start":{"line":210,"column":3},"end":{"line":237,"column":1}},"line":210},"9":{"name":"(anonymous_9)","decl":{"start":{"line":228,"column":15},"end":{"line":228,"column":16}},"loc":{"start":{"line":228,"column":32},"end":{"line":231,"column":9}},"line":228},"10":{"name":"DebugPanel","decl":{"start":{"line":239,"column":9},"end":{"line":239,"column":19}},"loc":{"start":{"line":245,"column":3},"end":{"line":264,"column":1}},"line":245},"11":{"name":"DebugRow","decl":{"start":{"line":266,"column":9},"end":{"line":266,"column":17}},"loc":{"start":{"line":266,"column":70},"end":{"line":273,"column":1}},"line":266}},"branchMap":{"0":{"loc":{"start":{"line":32,"column":20},"end":{"line":32,"column":43}},"type":"binary-expr","locations":[{"start":{"line":32,"column":20},"end":{"line":32,"column":28}},{"start":{"line":32,"column":32},"end":{"line":32,"column":43}}],"line":32},"1":{"loc":{"start":{"line":35,"column":4},"end":{"line":35,"column":30}},"type":"if","locations":[{"start":{"line":35,"column":4},"end":{"line":35,"column":30}},{"start":{},"end":{}}],"line":35},"2":{"loc":{"start":{"line":41,"column":4},"end":{"line":44,"column":5}},"type":"if","locations":[{"start":{"line":41,"column":4},"end":{"line":44,"column":5}},{"start":{},"end":{}}],"line":41},"3":{"loc":{"start":{"line":41,"column":8},"end":{"line":41,"column":47}},"type":"binary-expr","locations":[{"start":{"line":41,"column":8},"end":{"line":41,"column":32}},{"start":{"line":41,"column":36},"end":{"line":41,"column":47}}],"line":41},"4":{"loc":{"start":{"line":53,"column":18},"end":{"line":53,"column":63}},"type":"cond-expr","locations":[{"start":{"line":53,"column":42},"end":{"line":53,"column":51}},{"start":{"line":53,"column":54},"end":{"line":53,"column":63}}],"line":53},"5":{"loc":{"start":{"line":62,"column":11},"end":{"line":68,"column":11}},"type":"binary-expr","locations":[{"start":{"line":62,"column":11},"end":{"line":62,"column":18}},{"start":{"line":63,"column":12},"end":{"line":67,"column":14}}],"line":62},"6":{"loc":{"start":{"line":70,"column":11},"end":{"line":79,"column":11}},"type":"binary-expr","locations":[{"start":{"line":70,"column":11},"end":{"line":70,"column":20}},{"start":{"line":71,"column":12},"end":{"line":78,"column":14}}],"line":70},"7":{"loc":{"start":{"line":81,"column":11},"end":{"line":83,"column":11}},"type":"binary-expr","locations":[{"start":{"line":81,"column":11},"end":{"line":81,"column":21}},{"start":{"line":82,"column":12},"end":{"line":82,"column":80}}],"line":81},"8":{"loc":{"start":{"line":85,"column":11},"end":{"line":89,"column":11}},"type":"binary-expr","locations":[{"start":{"line":85,"column":11},"end":{"line":85,"column":16}},{"start":{"line":86,"column":12},"end":{"line":88,"column":19}}],"line":85},"9":{"loc":{"start":{"line":100,"column":11},"end":{"line":108,"column":11}},"type":"binary-expr","locations":[{"start":{"line":100,"column":11},"end":{"line":100,"column":20}},{"start":{"line":101,"column":12},"end":{"line":107,"column":14}}],"line":100},"10":{"loc":{"start":{"line":137,"column":10},"end":{"line":137,"column":48}},"type":"binary-expr","locations":[{"start":{"line":137,"column":10},"end":{"line":137,"column":17}},{"start":{"line":137,"column":21},"end":{"line":137,"column":48}}],"line":137},"11":{"loc":{"start":{"line":187,"column":12},"end":{"line":187,"column":52}},"type":"binary-expr","locations":[{"start":{"line":187,"column":12},"end":{"line":187,"column":19}},{"start":{"line":187,"column":23},"end":{"line":187,"column":52}}],"line":187},"12":{"loc":{"start":{"line":196,"column":12},"end":{"line":196,"column":51}},"type":"binary-expr","locations":[{"start":{"line":196,"column":12},"end":{"line":196,"column":19}},{"start":{"line":196,"column":23},"end":{"line":196,"column":51}}],"line":196},"13":{"loc":{"start":{"line":230,"column":10},"end":{"line":230,"column":48}},"type":"binary-expr","locations":[{"start":{"line":230,"column":10},"end":{"line":230,"column":17}},{"start":{"line":230,"column":21},"end":{"line":230,"column":48}}],"line":230}},"s":{"0":23,"1":23,"2":23,"3":23,"4":23,"5":23,"6":23,"7":23,"8":13,"9":0,"10":13,"11":23,"12":7,"13":7,"14":2,"15":2,"16":5,"17":23,"18":17,"19":17,"20":6,"21":6,"22":6,"23":0,"24":0,"25":1,"26":4,"27":1},"f":{"0":23,"1":13,"2":7,"3":17,"4":17,"5":6,"6":6,"7":6,"8":0,"9":0,"10":1,"11":4},"b":{"0":[23,6],"1":[0,13],"2":[2,5],"3":[7,6],"4":[23,0],"5":[23,17],"6":[23,6],"7":[23,0],"8":[23,0],"9":[23,1],"10":[17,0],"11":[6,0],"12":[6,0],"13":[0,0]},"_coverageSchema":"1a1c01bbd47fc00a2c39e90264f33305004495a9","hash":"c6d6ad474cd6a6d7f73db8215587c86193022e2d"}
,"C:\\Users\\senth\\OneDrive\\Documents\\lap-counter\\src\\logic\\fingerprint.ts": {"path":"C:\\Users\\senth\\OneDrive\\Documents\\lap-counter\\src\\logic\\fingerprint.ts","statementMap":{"0":{"start":{"line":19,"column":43},"end":{"line":22,"column":1}},"1":{"start":{"line":29,"column":2},"end":{"line":29,"column":45}},"2":{"start":{"line":29,"column":36},"end":{"line":29,"column":45}},"3":{"start":{"line":30,"column":21},"end":{"line":30,"column":22}},"4":{"start":{"line":31,"column":2},"end":{"line":33,"column":3}},"5":{"start":{"line":32,"column":4},"end":{"line":32,"column":34}},"6":{"start":{"line":32,"column":19},"end":{"line":32,"column":34}},"7":{"start":{"line":34,"column":16},"end":{"line":34,"column":46}},"8":{"start":{"line":35,"column":2},"end":{"line":35,"column":48}},"9":{"start":{"line":44,"column":27},"end":{"line":44,"column":29}},"10":{"start":{"line":45,"column":2},"end":{"line":47,"column":3}},"11":{"start":{"line":46,"column":4},"end":{"line":46,"column":35}},"12":{"start":{"line":46,"column":19},"end":{"line":46,"column":35}},"13":{"start":{"line":48,"column":2},"end":{"line":48,"column":36}},"14":{"start":{"line":48,"column":27},"end":{"line":48,"column":36}},"15":{"start":{"line":50,"column":12},"end":{"line":50,"column":13}},"16":{"start":{"line":51,"column":13},"end":{"line":51,"column":14}},"17":{"start":{"line":52,"column":13},"end":{"line":52,"column":14}},"18":{"start":{"line":53,"column":2},"end":{"line":59,"column":3}},"19":{"start":{"line":54,"column":15},"end":{"line":54,"column":40}},"20":{"start":{"line":55,"column":15},"end":{"line":55,"column":40}},"21":{"start":{"line":56,"column":4},"end":{"line":56,"column":19}},"22":{"start":{"line":57,"column":4},"end":{"line":57,"column":20}},"23":{"start":{"line":58,"column":4},"end":{"line":58,"column":20}},"24":{"start":{"line":60,"column":2},"end":{"line":60,"column":41}},"25":{"start":{"line":60,"column":32},"end":{"line":60,"column":41}},"26":{"start":{"line":61,"column":2},"end":{"line":61,"column":51}},"27":{"start":{"line":78,"column":12},"end":{"line":78,"column":47}},"28":{"start":{"line":79,"column":12},"end":{"line":79,"column":50}},"29":{"start":{"line":80,"column":20},"end":{"line":80,"column":25}},"30":{"start":{"line":81,"column":22},"end":{"line":81,"column":58}},"31":{"start":{"line":82,"column":2},"end":{"line":82,"column":78}},"32":{"start":{"line":87,"column":2},"end":{"line":87,"column":61}},"33":{"start":{"line":100,"column":17},"end":{"line":100,"column":42}},"34":{"start":{"line":101,"column":17},"end":{"line":104,"column":4}},"35":{"start":{"line":105,"column":2},"end":{"line":116,"column":3}},"36":{"start":{"line":106,"column":14},"end":{"line":106,"column":39}},"37":{"start":{"line":107,"column":14},"end":{"line":107,"column":44}},"38":{"start":{"line":108,"column":4},"end":{"line":115,"column":5}},"39":{"start":{"line":109,"column":6},"end":{"line":109,"column":50}},"40":{"start":{"line":110,"column":11},"end":{"line":115,"column":5}},"41":{"start":{"line":112,"column":6},"end":{"line":112,"column":28}},"42":{"start":{"line":113,"column":11},"end":{"line":115,"column":5}},"43":{"start":{"line":114,"column":6},"end":{"line":114,"column":24}},"44":{"start":{"line":118,"column":2},"end":{"line":120,"column":3}},"45":{"start":{"line":119,"column":4},"end":{"line":119,"column":39}},"46":{"start":{"line":119,"column":21},"end":{"line":119,"column":39}},"47":{"start":{"line":122,"column":2},"end":{"line":126,"column":4}},"48":{"start":{"line":131,"column":2},"end":{"line":134,"column":4}}},"fnMap":{"0":{"name":"jaccard","decl":{"start":{"line":28,"column":9},"end":{"line":28,"column":16}},"loc":{"start":{"line":28,"column":73},"end":{"line":36,"column":1}},"line":28},"1":{"name":"rssiCosine","decl":{"start":{"line":43,"column":9},"end":{"line":43,"column":19}},"loc":{"start":{"line":43,"column":76},"end":{"line":62,"column":1}},"line":43},"2":{"name":"similarity","decl":{"start":{"line":73,"column":16},"end":{"line":73,"column":26}},"loc":{"start":{"line":77,"column":10},"end":{"line":83,"column":1}},"line":77},"3":{"name":"magneticDelta","decl":{"start":{"line":86,"column":16},"end":{"line":86,"column":29}},"loc":{"start":{"line":86,"column":70},"end":{"line":88,"column":1}},"line":86},"4":{"name":"refineFingerprint","decl":{"start":{"line":95,"column":16},"end":{"line":95,"column":33}},"loc":{"start":{"line":99,"column":15},"end":{"line":127,"column":1}},"line":99},"5":{"name":"emptyFingerprint","decl":{"start":{"line":130,"column":16},"end":{"line":130,"column":32}},"loc":{"start":{"line":130,"column":48},"end":{"line":135,"column":1}},"line":130}},"branchMap":{"0":{"loc":{"start":{"line":29,"column":2},"end":{"line":29,"column":45}},"type":"if","locations":[{"start":{"line":29,"column":2},"end":{"line":29,"column":45}},{"start":{},"end":{}}],"line":29},"1":{"loc":{"start":{"line":29,"column":6},"end":{"line":29,"column":34}},"type":"binary-expr","locations":[{"start":{"line":29,"column":6},"end":{"line":29,"column":18}},{"start":{"line":29,"column":22},"end":{"line":29,"column":34}}],"line":29},"2":{"loc":{"start":{"line":32,"column":4},"end":{"line":32,"column":34}},"type":"if","locations":[{"start":{"line":32,"column":4},"end":{"line":32,"column":34}},{"start":{},"end":{}}],"line":32},"3":{"loc":{"start":{"line":35,"column":9},"end":{"line":35,"column":47}},"type":"cond-expr","locations":[{"start":{"line":35,"column":23},"end":{"line":35,"column":24}},{"start":{"line":35,"column":27},"end":{"line":35,"column":47}}],"line":35},"4":{"loc":{"start":{"line":46,"column":4},"end":{"line":46,"column":35}},"type":"if","locations":[{"start":{"line":46,"column":4},"end":{"line":46,"column":35}},{"start":{},"end":{}}],"line":46},"5":{"loc":{"start":{"line":48,"column":2},"end":{"line":48,"column":36}},"type":"if","locations":[{"start":{"line":48,"column":2},"end":{"line":48,"column":36}},{"start":{},"end":{}}],"line":48},"6":{"loc":{"start":{"line":54,"column":16},"end":{"line":54,"column":33}},"type":"binary-expr","locations":[{"start":{"line":54,"column":16},"end":{"line":54,"column":25}},{"start":{"line":54,"column":29},"end":{"line":54,"column":33}}],"line":54},"7":{"loc":{"start":{"line":55,"column":16},"end":{"line":55,"column":33}},"type":"binary-expr","locations":[{"start":{"line":55,"column":16},"end":{"line":55,"column":25}},{"start":{"line":55,"column":29},"end":{"line":55,"column":33}}],"line":55},"8":{"loc":{"start":{"line":60,"column":2},"end":{"line":60,"column":41}},"type":"if","locations":[{"start":{"line":60,"column":2},"end":{"line":60,"column":41}},{"start":{},"end":{}}],"line":60},"9":{"loc":{"start":{"line":60,"column":6},"end":{"line":60,"column":30}},"type":"binary-expr","locations":[{"start":{"line":60,"column":6},"end":{"line":60,"column":16}},{"start":{"line":60,"column":20},"end":{"line":60,"column":30}}],"line":60},"10":{"loc":{"start":{"line":76,"column":2},"end":{"line":76,"column":46}},"type":"default-arg","locations":[{"start":{"line":76,"column":31},"end":{"line":76,"column":46}}],"line":76},"11":{"loc":{"start":{"line":98,"column":2},"end":{"line":98,"column":13}},"type":"default-arg","locations":[{"start":{"line":98,"column":10},"end":{"line":98,"column":13}}],"line":98},"12":{"loc":{"start":{"line":108,"column":4},"end":{"line":115,"column":5}},"type":"if","locations":[{"start":{"line":108,"column":4},"end":{"line":115,"column":5}},{"start":{"line":110,"column":11},"end":{"line":115,"column":5}}],"line":108},"13":{"loc":{"start":{"line":108,"column":8},"end":{"line":108,"column":30}},"type":"binary-expr","locations":[{"start":{"line":108,"column":8},"end":{"line":108,"column":17}},{"start":{"line":108,"column":21},"end":{"line":108,"column":30}}],"line":108},"14":{"loc":{"start":{"line":110,"column":11},"end":{"line":115,"column":5}},"type":"if","locations":[{"start":{"line":110,"column":11},"end":{"line":115,"column":5}},{"start":{"line":113,"column":11},"end":{"line":115,"column":5}}],"line":110},"15":{"loc":{"start":{"line":113,"column":11},"end":{"line":115,"column":5}},"type":"if","locations":[{"start":{"line":113,"column":11},"end":{"line":115,"column":5}},{"start":{},"end":{}}],"line":113},"16":{"loc":{"start":{"line":119,"column":4},"end":{"line":119,"column":39}},"type":"if","locations":[{"start":{"line":119,"column":4},"end":{"line":119,"column":39}},{"start":{},"end":{}}],"line":119}},"s":{"0":5,"1":305,"2":1,"3":304,"4":304,"5":2003,"6":1748,"7":304,"8":304,"9":305,"10":305,"11":2003,"12":1748,"13":305,"14":16,"15":289,"16":289,"17":289,"18":289,"19":1748,"20":1748,"21":1748,"22":1748,"23":1748,"24":289,"25":0,"26":289,"27":305,"28":305,"29":305,"30":305,"31":305,"32":296,"33":171,"34":171,"35":171,"36":421,"37":421,"38":421,"39":364,"40":57,"41":54,"42":3,"43":3,"44":171,"45":421,"46":1,"47":171,"48":76},"f":{"0":305,"1":305,"2":305,"3":296,"4":171,"5":76},"b":{"0":[1,304],"1":[305,1],"2":[1748,255],"3":[0,304],"4":[1748,255],"5":[16,289],"6":[1748,0],"7":[1748,0],"8":[0,289],"9":[289,289],"10":[305],"11":[0],"12":[364,57],"13":[421,418],"14":[54,3],"15":[3,0],"16":[1,420]},"_coverageSchema":"1a1c01bbd47fc00a2c39e90264f33305004495a9","hash":"efef005bf124e720a9f087c79f752034d7d814f3"}
,"C:\\Users\\senth\\OneDrive\\Documents\\lap-counter\\src\\logic\\lapDetector.ts": {"path":"C:\\Users\\senth\\OneDrive\\Documents\\lap-counter\\src\\logic\\lapDetector.ts","statementMap":{"0":{"start":{"line":40,"column":46},"end":{"line":49,"column":1}},"1":{"start":{"line":86,"column":2},"end":{"line":97,"column":4}},"2":{"start":{"line":107,"column":2},"end":{"line":107,"column":54}},"3":{"start":{"line":107,"column":28},"end":{"line":107,"column":54}},"4":{"start":{"line":109,"column":17},"end":{"line":109,"column":62}},"5":{"start":{"line":110,"column":2},"end":{"line":117,"column":3}},"6":{"start":{"line":111,"column":4},"end":{"line":116,"column":5}},"7":{"start":{"line":112,"column":16},"end":{"line":112,"column":50}},"8":{"start":{"line":113,"column":6},"end":{"line":113,"column":20}},"9":{"start":{"line":114,"column":6},"end":{"line":114,"column":15}},"10":{"start":{"line":115,"column":6},"end":{"line":115,"column":24}},"11":{"start":{"line":119,"column":18},"end":{"line":119,"column":61}},"12":{"start":{"line":120,"column":21},"end":{"line":120,"column":46}},"13":{"start":{"line":121,"column":2},"end":{"line":123,"column":3}},"14":{"start":{"line":122,"column":4},"end":{"line":122,"column":50}},"15":{"start":{"line":122,"column":22},"end":{"line":122,"column":50}},"16":{"start":{"line":126,"column":4},"end":{"line":126,"column":77}},"17":{"start":{"line":126,"column":31},"end":{"line":126,"column":56}},"18":{"start":{"line":128,"column":2},"end":{"line":128,"column":43}},"19":{"start":{"line":137,"column":2},"end":{"line":245,"column":3}},"20":{"start":{"line":139,"column":21},"end":{"line":139,"column":66}},"21":{"start":{"line":143,"column":6},"end":{"line":147,"column":8}},"22":{"start":{"line":152,"column":6},"end":{"line":152,"column":46}},"23":{"start":{"line":155,"column":58},"end":{"line":155,"column":70}},"24":{"start":{"line":157,"column":6},"end":{"line":159,"column":7}},"25":{"start":{"line":158,"column":8},"end":{"line":158,"column":21}},"26":{"start":{"line":161,"column":6},"end":{"line":183,"column":7}},"27":{"start":{"line":162,"column":26},"end":{"line":162,"column":59}},"28":{"start":{"line":163,"column":24},"end":{"line":163,"column":66}},"29":{"start":{"line":164,"column":24},"end":{"line":164,"column":39}},"30":{"start":{"line":165,"column":8},"end":{"line":177,"column":9}},"31":{"start":{"line":166,"column":25},"end":{"line":166,"column":48}},"32":{"start":{"line":167,"column":10},"end":{"line":176,"column":12}},"33":{"start":{"line":178,"column":8},"end":{"line":182,"column":10}},"34":{"start":{"line":186,"column":18},"end":{"line":186,"column":55}},"35":{"start":{"line":187,"column":23},"end":{"line":187,"column":63}},"36":{"start":{"line":188,"column":49},"end":{"line":192,"column":7}},"37":{"start":{"line":194,"column":18},"end":{"line":194,"column":30}},"38":{"start":{"line":196,"column":8},"end":{"line":196,"column":66}},"39":{"start":{"line":197,"column":25},"end":{"line":197,"column":54}},"40":{"start":{"line":200,"column":8},"end":{"line":202,"column":58}},"41":{"start":{"line":203,"column":20},"end":{"line":203,"column":53}},"42":{"start":{"line":205,"column":6},"end":{"line":210,"column":7}},"43":{"start":{"line":206,"column":8},"end":{"line":208,"column":9}},"44":{"start":{"line":207,"column":10},"end":{"line":207,"column":60}},"45":{"start":{"line":209,"column":8},"end":{"line":209,"column":43}},"46":{"start":{"line":212,"column":6},"end":{"line":217,"column":7}},"47":{"start":{"line":213,"column":8},"end":{"line":215,"column":9}},"48":{"start":{"line":214,"column":10},"end":{"line":214,"column":67}},"49":{"start":{"line":216,"column":8},"end":{"line":216,"column":43}},"50":{"start":{"line":220,"column":6},"end":{"line":222,"column":7}},"51":{"start":{"line":221,"column":8},"end":{"line":221,"column":58}},"52":{"start":{"line":223,"column":6},"end":{"line":239,"column":7}},"53":{"start":{"line":224,"column":25},"end":{"line":224,"column":40}},"54":{"start":{"line":225,"column":25},"end":{"line":229,"column":9}},"55":{"start":{"line":230,"column":25},"end":{"line":230,"column":51}},"56":{"start":{"line":231,"column":8},"end":{"line":238,"column":10}},"57":{"start":{"line":240,"column":6},"end":{"line":240,"column":41}},"58":{"start":{"line":244,"column":6},"end":{"line":244,"column":19}},"59":{"start":{"line":250,"column":2},"end":{"line":263,"column":3}},"60":{"start":{"line":252,"column":6},"end":{"line":252,"column":25}},"61":{"start":{"line":254,"column":6},"end":{"line":254,"column":50}},"62":{"start":{"line":256,"column":6},"end":{"line":256,"column":28}},"63":{"start":{"line":258,"column":6},"end":{"line":258,"column":28}},"64":{"start":{"line":260,"column":6},"end":{"line":260,"column":36}},"65":{"start":{"line":262,"column":6},"end":{"line":262,"column":34}}},"fnMap":{"0":{"name":"createInitialState","decl":{"start":{"line":83,"column":16},"end":{"line":83,"column":34}},"loc":{"start":{"line":85,"column":17},"end":{"line":98,"column":1}},"line":85},"1":{"name":"averageSamples","decl":{"start":{"line":106,"column":9},"end":{"line":106,"column":23}},"loc":{"start":{"line":106,"column":61},"end":{"line":129,"column":1}},"line":106},"2":{"name":"(anonymous_2)","decl":{"start":{"line":126,"column":19},"end":{"line":126,"column":20}},"loc":{"start":{"line":126,"column":31},"end":{"line":126,"column":56}},"line":126},"3":{"name":"reducer","decl":{"start":{"line":136,"column":16},"end":{"line":136,"column":23}},"loc":{"start":{"line":136,"column":85},"end":{"line":246,"column":1}},"line":136},"4":{"name":"statusLabel","decl":{"start":{"line":249,"column":16},"end":{"line":249,"column":27}},"loc":{"start":{"line":249,"column":58},"end":{"line":264,"column":1}},"line":249}},"branchMap":{"0":{"loc":{"start":{"line":84,"column":2},"end":{"line":84,"column":41}},"type":"default-arg","locations":[{"start":{"line":84,"column":27},"end":{"line":84,"column":41}}],"line":84},"1":{"loc":{"start":{"line":107,"column":2},"end":{"line":107,"column":54}},"type":"if","locations":[{"start":{"line":107,"column":2},"end":{"line":107,"column":54}},{"start":{},"end":{}}],"line":107},"2":{"loc":{"start":{"line":112,"column":16},"end":{"line":112,"column":50}},"type":"binary-expr","locations":[{"start":{"line":112,"column":16},"end":{"line":112,"column":30}},{"start":{"line":112,"column":34},"end":{"line":112,"column":50}}],"line":112},"3":{"loc":{"start":{"line":122,"column":4},"end":{"line":122,"column":50}},"type":"if","locations":[{"start":{"line":122,"column":4},"end":{"line":122,"column":50}},{"start":{},"end":{}}],"line":122},"4":{"loc":{"start":{"line":137,"column":2},"end":{"line":245,"column":3}},"type":"switch","locations":[{"start":{"line":138,"column":4},"end":{"line":148,"column":5}},{"start":{"line":150,"column":4},"end":{"line":150,"column":16}},{"start":{"line":151,"column":4},"end":{"line":152,"column":46}},{"start":{"line":154,"column":4},"end":{"line":241,"column":5}},{"start":{"line":243,"column":4},"end":{"line":244,"column":19}}],"line":137},"5":{"loc":{"start":{"line":139,"column":44},"end":{"line":139,"column":63}},"type":"binary-expr","locations":[{"start":{"line":139,"column":44},"end":{"line":139,"column":57}},{"start":{"line":139,"column":61},"end":{"line":139,"column":63}}],"line":139},"6":{"loc":{"start":{"line":157,"column":6},"end":{"line":159,"column":7}},"type":"if","locations":[{"start":{"line":157,"column":6},"end":{"line":159,"column":7}},{"start":{},"end":{}}],"line":157},"7":{"loc":{"start":{"line":157,"column":10},"end":{"line":157,"column":62}},"type":"binary-expr","locations":[{"start":{"line":157,"column":10},"end":{"line":157,"column":32}},{"start":{"line":157,"column":36},"end":{"line":157,"column":62}}],"line":157},"8":{"loc":{"start":{"line":161,"column":6},"end":{"line":183,"column":7}},"type":"if","locations":[{"start":{"line":161,"column":6},"end":{"line":183,"column":7}},{"start":{},"end":{}}],"line":161},"9":{"loc":{"start":{"line":162,"column":26},"end":{"line":162,"column":59}},"type":"binary-expr","locations":[{"start":{"line":162,"column":26},"end":{"line":162,"column":52}},{"start":{"line":162,"column":56},"end":{"line":162,"column":59}}],"line":162},"10":{"loc":{"start":{"line":165,"column":8},"end":{"line":177,"column":9}},"type":"if","locations":[{"start":{"line":165,"column":8},"end":{"line":177,"column":9}},{"start":{},"end":{}}],"line":165},"11":{"loc":{"start":{"line":165,"column":12},"end":{"line":165,"column":71}},"type":"binary-expr","locations":[{"start":{"line":165,"column":12},"end":{"line":165,"column":49}},{"start":{"line":165,"column":53},"end":{"line":165,"column":71}}],"line":165},"12":{"loc":{"start":{"line":196,"column":8},"end":{"line":196,"column":66}},"type":"cond-expr","locations":[{"start":{"line":196,"column":34},"end":{"line":196,"column":42}},{"start":{"line":196,"column":45},"end":{"line":196,"column":66}}],"line":196},"13":{"loc":{"start":{"line":200,"column":8},"end":{"line":202,"column":58}},"type":"binary-expr","locations":[{"start":{"line":200,"column":8},"end":{"line":200,"column":42}},{"start":{"line":201,"column":8},"end":{"line":201,"column":46}},{"start":{"line":202,"column":8},"end":{"line":202,"column":58}}],"line":200},"14":{"loc":{"start":{"line":205,"column":6},"end":{"line":210,"column":7}},"type":"if","locations":[{"start":{"line":205,"column":6},"end":{"line":210,"column":7}},{"start":{},"end":{}}],"line":205},"15":{"loc":{"start":{"line":206,"column":8},"end":{"line":208,"column":9}},"type":"if","locations":[{"start":{"line":206,"column":8},"end":{"line":208,"column":9}},{"start":{},"end":{}}],"line":206},"16":{"loc":{"start":{"line":212,"column":6},"end":{"line":217,"column":7}},"type":"if","locations":[{"start":{"line":212,"column":6},"end":{"line":217,"column":7}},{"start":{},"end":{}}],"line":212},"17":{"loc":{"start":{"line":213,"column":8},"end":{"line":215,"column":9}},"type":"if","locations":[{"start":{"line":213,"column":8},"end":{"line":215,"column":9}},{"start":{},"end":{}}],"line":213},"18":{"loc":{"start":{"line":220,"column":6},"end":{"line":222,"column":7}},"type":"if","locations":[{"start":{"line":220,"column":6},"end":{"line":222,"column":7}},{"start":{},"end":{}}],"line":220},"19":{"loc":{"start":{"line":223,"column":6},"end":{"line":239,"column":7}},"type":"if","locations":[{"start":{"line":223,"column":6},"end":{"line":239,"column":7}},{"start":{},"end":{}}],"line":223},"20":{"loc":{"start":{"line":223,"column":10},"end":{"line":223,"column":30}},"type":"binary-expr","locations":[{"start":{"line":223,"column":10},"end":{"line":223,"column":16}},{"start":{"line":223,"column":20},"end":{"line":223,"column":30}}],"line":223},"21":{"loc":{"start":{"line":237,"column":17},"end":{"line":237,"column":48}},"type":"cond-expr","locations":[{"start":{"line":237,"column":28},"end":{"line":237,"column":38}},{"start":{"line":237,"column":41},"end":{"line":237,"column":48}}],"line":237},"22":{"loc":{"start":{"line":250,"column":2},"end":{"line":263,"column":3}},"type":"switch","locations":[{"start":{"line":251,"column":4},"end":{"line":252,"column":25}},{"start":{"line":253,"column":4},"end":{"line":254,"column":50}},{"start":{"line":255,"column":4},"end":{"line":256,"column":28}},{"start":{"line":257,"column":4},"end":{"line":258,"column":28}},{"start":{"line":259,"column":4},"end":{"line":260,"column":36}},{"start":{"line":261,"column":4},"end":{"line":262,"column":34}}],"line":250}},"s":{"0":4,"1":74,"2":16,"3":0,"4":16,"5":16,"6":93,"7":520,"8":520,"9":520,"10":520,"11":16,"12":16,"13":16,"14":88,"15":87,"16":16,"17":93,"18":16,"19":428,"20":28,"21":28,"22":5,"23":395,"24":395,"25":6,"26":389,"27":95,"28":95,"29":95,"30":95,"31":16,"32":16,"33":79,"34":294,"35":294,"36":294,"37":294,"38":294,"39":294,"40":294,"41":294,"42":294,"43":203,"44":21,"45":182,"46":91,"47":72,"48":20,"49":52,"50":19,"51":1,"52":18,"53":17,"54":17,"55":17,"56":17,"57":1,"58":0,"59":48,"60":24,"61":17,"62":3,"63":1,"64":1,"65":2},"f":{"0":74,"1":16,"2":93,"3":428,"4":48},"b":{"0":[36],"1":[0,16],"2":[520,88],"3":[87,1],"4":[28,3,5,395,0],"5":[28,11],"6":[6,389],"7":[395,394],"8":[95,294],"9":[95,18],"10":[16,79],"11":[95,16],"12":[68,226],"13":[294,194,194],"14":[203,91],"15":[21,182],"16":[72,19],"17":[20,52],"18":[1,18],"19":[17,1],"20":[18,18],"21":[4,13],"22":[24,17,3,1,1,2]},"_coverageSchema":"1a1c01bbd47fc00a2c39e90264f33305004495a9","hash":"2eda507ba08784eb608eee264fb612e9fb88609d"}
,"C:\\Users\\senth\\OneDrive\\Documents\\lap-counter\\src\\sensors\\bleScanner.ts": {"path":"C:\\Users\\senth\\OneDrive\\Documents\\lap-counter\\src\\sensors\\bleScanner.ts","statementMap":{"0":{"start":{"line":13,"column":39},"end":{"line":13,"column":43}},"1":{"start":{"line":16,"column":2},"end":{"line":18,"column":3}},"2":{"start":{"line":17,"column":4},"end":{"line":17,"column":37}},"3":{"start":{"line":19,"column":2},"end":{"line":19,"column":23}},"4":{"start":{"line":27,"column":2},"end":{"line":33,"column":3}},"5":{"start":{"line":28,"column":4},"end":{"line":32,"column":5}},"6":{"start":{"line":29,"column":6},"end":{"line":29,"column":37}},"7":{"start":{"line":34,"column":2},"end":{"line":34,"column":23}},"8":{"start":{"line":42,"column":18},"end":{"line":42,"column":39}},"9":{"start":{"line":43,"column":2},"end":{"line":43,"column":42}},"10":{"start":{"line":43,"column":35},"end":{"line":43,"column":42}},"11":{"start":{"line":45,"column":2},"end":{"line":62,"column":5}},"12":{"start":{"line":46,"column":20},"end":{"line":49,"column":17}},"13":{"start":{"line":47,"column":6},"end":{"line":47,"column":19}},"14":{"start":{"line":48,"column":6},"end":{"line":48,"column":87}},"15":{"start":{"line":51,"column":16},"end":{"line":61,"column":12}},"16":{"start":{"line":52,"column":6},"end":{"line":60,"column":7}},"17":{"start":{"line":53,"column":8},"end":{"line":53,"column":30}},"18":{"start":{"line":54,"column":8},"end":{"line":54,"column":21}},"19":{"start":{"line":55,"column":8},"end":{"line":55,"column":18}},"20":{"start":{"line":56,"column":13},"end":{"line":60,"column":7}},"21":{"start":{"line":57,"column":8},"end":{"line":57,"column":30}},"22":{"start":{"line":58,"column":8},"end":{"line":58,"column":21}},"23":{"start":{"line":59,"column":8},"end":{"line":59,"column":55}},"24":{"start":{"line":77,"column":18},"end":{"line":77,"column":30}},"25":{"start":{"line":78,"column":2},"end":{"line":78,"column":34}},"26":{"start":{"line":80,"column":2},"end":{"line":96,"column":4}},"27":{"start":{"line":84,"column":6},"end":{"line":87,"column":7}},"28":{"start":{"line":85,"column":8},"end":{"line":85,"column":25}},"29":{"start":{"line":86,"column":8},"end":{"line":86,"column":15}},"30":{"start":{"line":88,"column":6},"end":{"line":94,"column":7}},"31":{"start":{"line":89,"column":8},"end":{"line":93,"column":11}},"32":{"start":{"line":98,"column":2},"end":{"line":106,"column":4}},"33":{"start":{"line":100,"column":6},"end":{"line":104,"column":7}},"34":{"start":{"line":101,"column":8},"end":{"line":101,"column":33}},"35":{"start":{"line":117,"column":29},"end":{"line":117,"column":85}},"36":{"start":{"line":120,"column":4},"end":{"line":120,"column":29}},"37":{"start":{"line":124,"column":16},"end":{"line":124,"column":46}},"38":{"start":{"line":125,"column":4},"end":{"line":125,"column":59}},"39":{"start":{"line":126,"column":4},"end":{"line":126,"column":34}},"40":{"start":{"line":134,"column":19},"end":{"line":134,"column":38}},"41":{"start":{"line":135,"column":16},"end":{"line":135,"column":41}},"42":{"start":{"line":136,"column":4},"end":{"line":145,"column":5}},"43":{"start":{"line":137,"column":20},"end":{"line":137,"column":60}},"44":{"start":{"line":137,"column":38},"end":{"line":137,"column":59}},"45":{"start":{"line":138,"column":6},"end":{"line":141,"column":7}},"46":{"start":{"line":139,"column":8},"end":{"line":139,"column":32}},"47":{"start":{"line":140,"column":8},"end":{"line":140,"column":17}},"48":{"start":{"line":142,"column":6},"end":{"line":142,"column":34}},"49":{"start":{"line":143,"column":18},"end":{"line":143,"column":74}},"50":{"start":{"line":143,"column":43},"end":{"line":143,"column":55}},"51":{"start":{"line":144,"column":6},"end":{"line":144,"column":23}},"52":{"start":{"line":146,"column":4},"end":{"line":146,"column":15}},"53":{"start":{"line":150,"column":4},"end":{"line":150,"column":25}}},"fnMap":{"0":{"name":"getManager","decl":{"start":{"line":15,"column":9},"end":{"line":15,"column":19}},"loc":{"start":{"line":15,"column":34},"end":{"line":20,"column":1}},"line":15},"1":{"name":"__resetForTests","decl":{"start":{"line":26,"column":16},"end":{"line":26,"column":31}},"loc":{"start":{"line":26,"column":40},"end":{"line":35,"column":1}},"line":26},"2":{"name":"waitForPoweredOn","decl":{"start":{"line":41,"column":15},"end":{"line":41,"column":31}},"loc":{"start":{"line":41,"column":86},"end":{"line":63,"column":1}},"line":41},"3":{"name":"(anonymous_3)","decl":{"start":{"line":45,"column":21},"end":{"line":45,"column":22}},"loc":{"start":{"line":45,"column":42},"end":{"line":62,"column":3}},"line":45},"4":{"name":"(anonymous_4)","decl":{"start":{"line":46,"column":31},"end":{"line":46,"column":32}},"loc":{"start":{"line":46,"column":37},"end":{"line":49,"column":5}},"line":46},"5":{"name":"(anonymous_5)","decl":{"start":{"line":51,"column":38},"end":{"line":51,"column":39}},"loc":{"start":{"line":51,"column":49},"end":{"line":61,"column":5}},"line":51},"6":{"name":"startBleScan","decl":{"start":{"line":73,"column":22},"end":{"line":73,"column":34}},"loc":{"start":{"line":76,"column":29},"end":{"line":107,"column":1}},"line":76},"7":{"name":"(anonymous_7)","decl":{"start":{"line":83,"column":4},"end":{"line":83,"column":5}},"loc":{"start":{"line":83,"column":23},"end":{"line":95,"column":5}},"line":83},"8":{"name":"(anonymous_8)","decl":{"start":{"line":99,"column":10},"end":{"line":99,"column":11}},"loc":{"start":{"line":99,"column":16},"end":{"line":105,"column":5}},"line":99},"9":{"name":"(anonymous_9)","decl":{"start":{"line":119,"column":2},"end":{"line":119,"column":3}},"loc":{"start":{"line":119,"column":31},"end":{"line":121,"column":3}},"line":119},"10":{"name":"(anonymous_10)","decl":{"start":{"line":123,"column":2},"end":{"line":123,"column":3}},"loc":{"start":{"line":123,"column":33},"end":{"line":127,"column":3}},"line":123},"11":{"name":"(anonymous_11)","decl":{"start":{"line":133,"column":2},"end":{"line":133,"column":3}},"loc":{"start":{"line":133,"column":50},"end":{"line":147,"column":3}},"line":133},"12":{"name":"(anonymous_12)","decl":{"start":{"line":137,"column":31},"end":{"line":137,"column":32}},"loc":{"start":{"line":137,"column":38},"end":{"line":137,"column":59}},"line":137},"13":{"name":"(anonymous_13)","decl":{"start":{"line":143,"column":31},"end":{"line":143,"column":32}},"loc":{"start":{"line":143,"column":43},"end":{"line":143,"column":55}},"line":143},"14":{"name":"(anonymous_14)","decl":{"start":{"line":149,"column":2},"end":{"line":149,"column":3}},"loc":{"start":{"line":149,"column":16},"end":{"line":151,"column":3}},"line":149}},"branchMap":{"0":{"loc":{"start":{"line":16,"column":2},"end":{"line":18,"column":3}},"type":"if","locations":[{"start":{"line":16,"column":2},"end":{"line":18,"column":3}},{"start":{},"end":{}}],"line":16},"1":{"loc":{"start":{"line":27,"column":2},"end":{"line":33,"column":3}},"type":"if","locations":[{"start":{"line":27,"column":2},"end":{"line":33,"column":3}},{"start":{},"end":{}}],"line":27},"2":{"loc":{"start":{"line":41,"column":53},"end":{"line":41,"column":69}},"type":"default-arg","locations":[{"start":{"line":41,"column":65},"end":{"line":41,"column":69}}],"line":41},"3":{"loc":{"start":{"line":43,"column":2},"end":{"line":43,"column":42}},"type":"if","locations":[{"start":{"line":43,"column":2},"end":{"line":43,"column":42}},{"start":{},"end":{}}],"line":43},"4":{"loc":{"start":{"line":52,"column":6},"end":{"line":60,"column":7}},"type":"if","locations":[{"start":{"line":52,"column":6},"end":{"line":60,"column":7}},{"start":{"line":56,"column":13},"end":{"line":60,"column":7}}],"line":52},"5":{"loc":{"start":{"line":56,"column":13},"end":{"line":60,"column":7}},"type":"if","locations":[{"start":{"line":56,"column":13},"end":{"line":60,"column":7}},{"start":{},"end":{}}],"line":56},"6":{"loc":{"start":{"line":56,"column":17},"end":{"line":56,"column":76}},"type":"binary-expr","locations":[{"start":{"line":56,"column":17},"end":{"line":56,"column":45}},{"start":{"line":56,"column":49},"end":{"line":56,"column":76}}],"line":56},"7":{"loc":{"start":{"line":84,"column":6},"end":{"line":87,"column":7}},"type":"if","locations":[{"start":{"line":84,"column":6},"end":{"line":87,"column":7}},{"start":{},"end":{}}],"line":84},"8":{"loc":{"start":{"line":88,"column":6},"end":{"line":94,"column":7}},"type":"if","locations":[{"start":{"line":88,"column":6},"end":{"line":94,"column":7}},{"start":{},"end":{}}],"line":88},"9":{"loc":{"start":{"line":88,"column":10},"end":{"line":88,"column":51}},"type":"binary-expr","locations":[{"start":{"line":88,"column":10},"end":{"line":88,"column":16}},{"start":{"line":88,"column":20},"end":{"line":88,"column":51}}],"line":88},"10":{"loc":{"start":{"line":119,"column":14},"end":{"line":119,"column":29}},"type":"default-arg","locations":[{"start":{"line":119,"column":25},"end":{"line":119,"column":29}}],"line":119},"11":{"loc":{"start":{"line":124,"column":16},"end":{"line":124,"column":46}},"type":"binary-expr","locations":[{"start":{"line":124,"column":16},"end":{"line":124,"column":40}},{"start":{"line":124,"column":44},"end":{"line":124,"column":46}}],"line":124},"12":{"loc":{"start":{"line":133,"column":11},"end":{"line":133,"column":27}},"type":"default-arg","locations":[{"start":{"line":133,"column":17},"end":{"line":133,"column":27}}],"line":133},"13":{"loc":{"start":{"line":138,"column":6},"end":{"line":141,"column":7}},"type":"if","locations":[{"start":{"line":138,"column":6},"end":{"line":141,"column":7}},{"start":{},"end":{}}],"line":138}},"s":{"0":2,"1":9,"2":9,"3":9,"4":13,"5":7,"6":7,"7":13,"8":9,"9":9,"10":9,"11":0,"12":0,"13":0,"14":0,"15":0,"16":0,"17":0,"18":0,"19":0,"20":0,"21":0,"22":0,"23":0,"24":9,"25":9,"26":9,"27":43,"28":0,"29":0,"30":43,"31":43,"32":9,"33":9,"34":9,"35":41,"36":41,"37":43,"38":43,"39":43,"40":8,"41":8,"42":8,"43":38,"44":168,"45":38,"46":0,"47":0,"48":38,"49":38,"50":153,"51":38,"52":8,"53":16},"f":{"0":9,"1":13,"2":9,"3":0,"4":0,"5":0,"6":9,"7":43,"8":9,"9":41,"10":43,"11":8,"12":168,"13":153,"14":16},"b":{"0":[9,0],"1":[7,6],"2":[9],"3":[9,0],"4":[0,0],"5":[0,0],"6":[0,0],"7":[0,43],"8":[43,0],"9":[43,43],"10":[0],"11":[43,8],"12":[8],"13":[0,38]},"_coverageSchema":"1a1c01bbd47fc00a2c39e90264f33305004495a9","hash":"bf8be4a8413a065966378ba115a6cc4330726b24"}
,"C:\\Users\\senth\\OneDrive\\Documents\\lap-counter\\src\\sensors\\motionTracker.ts": {"path":"C:\\Users\\senth\\OneDrive\\Documents\\lap-counter\\src\\sensors\\motionTracker.ts","statementMap":{"0":{"start":{"line":30,"column":24},"end":{"line":30,"column":27}},"1":{"start":{"line":38,"column":26},"end":{"line":38,"column":27}},"2":{"start":{"line":39,"column":16},"end":{"line":39,"column":17}},"3":{"start":{"line":40,"column":22},"end":{"line":40,"column":23}},"4":{"start":{"line":41,"column":20},"end":{"line":41,"column":21}},"5":{"start":{"line":42,"column":36},"end":{"line":42,"column":40}},"6":{"start":{"line":43,"column":14},"end":{"line":43,"column":15}},"7":{"start":{"line":44,"column":21},"end":{"line":44,"column":35}},"8":{"start":{"line":45,"column":22},"end":{"line":45,"column":23}},"9":{"start":{"line":47,"column":2},"end":{"line":47,"column":38}},"10":{"start":{"line":48,"column":17},"end":{"line":50,"column":4}},"11":{"start":{"line":49,"column":4},"end":{"line":49,"column":57}},"12":{"start":{"line":52,"column":2},"end":{"line":52,"column":37}},"13":{"start":{"line":53,"column":20},"end":{"line":63,"column":4}},"14":{"start":{"line":54,"column":16},"end":{"line":54,"column":38}},"15":{"start":{"line":55,"column":4},"end":{"line":62,"column":5}},"16":{"start":{"line":57,"column":18},"end":{"line":57,"column":31}},"17":{"start":{"line":58,"column":6},"end":{"line":58,"column":48}},"18":{"start":{"line":58,"column":27},"end":{"line":58,"column":48}},"19":{"start":{"line":59,"column":6},"end":{"line":59,"column":49}},"20":{"start":{"line":59,"column":28},"end":{"line":59,"column":49}},"21":{"start":{"line":60,"column":6},"end":{"line":60,"column":29}},"22":{"start":{"line":61,"column":6},"end":{"line":61,"column":20}},"23":{"start":{"line":65,"column":45},"end":{"line":65,"column":49}},"24":{"start":{"line":66,"column":23},"end":{"line":66,"column":76}},"25":{"start":{"line":66,"column":70},"end":{"line":66,"column":75}},"26":{"start":{"line":67,"column":2},"end":{"line":83,"column":3}},"27":{"start":{"line":68,"column":4},"end":{"line":82,"column":7}},"28":{"start":{"line":69,"column":6},"end":{"line":69,"column":56}},"29":{"start":{"line":69,"column":32},"end":{"line":69,"column":56}},"30":{"start":{"line":70,"column":27},"end":{"line":70,"column":50}},"31":{"start":{"line":71,"column":23},"end":{"line":71,"column":51}},"32":{"start":{"line":72,"column":6},"end":{"line":72,"column":35}},"33":{"start":{"line":73,"column":6},"end":{"line":73,"column":27}},"34":{"start":{"line":75,"column":6},"end":{"line":81,"column":7}},"35":{"start":{"line":77,"column":24},"end":{"line":77,"column":51}},"36":{"start":{"line":78,"column":19},"end":{"line":78,"column":65}},"37":{"start":{"line":79,"column":19},"end":{"line":79,"column":65}},"38":{"start":{"line":80,"column":8},"end":{"line":80,"column":74}},"39":{"start":{"line":85,"column":38},"end":{"line":109,"column":3}},"40":{"start":{"line":87,"column":17},"end":{"line":87,"column":31}},"41":{"start":{"line":88,"column":17},"end":{"line":88,"column":31}},"42":{"start":{"line":89,"column":6},"end":{"line":95,"column":8}},"43":{"start":{"line":98,"column":6},"end":{"line":98,"column":34}},"44":{"start":{"line":99,"column":6},"end":{"line":99,"column":26}},"45":{"start":{"line":100,"column":6},"end":{"line":100,"column":24}},"46":{"start":{"line":101,"column":6},"end":{"line":101,"column":16}},"47":{"start":{"line":102,"column":6},"end":{"line":102,"column":36}},"48":{"start":{"line":105,"column":6},"end":{"line":105,"column":22}},"49":{"start":{"line":106,"column":6},"end":{"line":106,"column":25}},"50":{"start":{"line":107,"column":6},"end":{"line":107,"column":23}},"51":{"start":{"line":111,"column":2},"end":{"line":111,"column":16}}},"fnMap":{"0":{"name":"startMotionTracker","decl":{"start":{"line":37,"column":22},"end":{"line":37,"column":40}},"loc":{"start":{"line":37,"column":73},"end":{"line":112,"column":1}},"line":37},"1":{"name":"(anonymous_1)","decl":{"start":{"line":48,"column":42},"end":{"line":48,"column":43}},"loc":{"start":{"line":48,"column":59},"end":{"line":50,"column":3}},"line":48},"2":{"name":"(anonymous_2)","decl":{"start":{"line":53,"column":45},"end":{"line":53,"column":46}},"loc":{"start":{"line":53,"column":56},"end":{"line":63,"column":3}},"line":53},"3":{"name":"(anonymous_3)","decl":{"start":{"line":66,"column":64},"end":{"line":66,"column":65}},"loc":{"start":{"line":66,"column":70},"end":{"line":66,"column":75}},"line":66},"4":{"name":"(anonymous_4)","decl":{"start":{"line":68,"column":38},"end":{"line":68,"column":39}},"loc":{"start":{"line":68,"column":63},"end":{"line":82,"column":5}},"line":68},"5":{"name":"(anonymous_5)","decl":{"start":{"line":86,"column":14},"end":{"line":86,"column":15}},"loc":{"start":{"line":86,"column":20},"end":{"line":96,"column":5}},"line":86},"6":{"name":"(anonymous_6)","decl":{"start":{"line":97,"column":19},"end":{"line":97,"column":20}},"loc":{"start":{"line":97,"column":25},"end":{"line":103,"column":5}},"line":97},"7":{"name":"(anonymous_7)","decl":{"start":{"line":104,"column":10},"end":{"line":104,"column":11}},"loc":{"start":{"line":104,"column":16},"end":{"line":108,"column":5}},"line":104}},"branchMap":{"0":{"loc":{"start":{"line":55,"column":4},"end":{"line":62,"column":5}},"type":"if","locations":[{"start":{"line":55,"column":4},"end":{"line":62,"column":5}},{"start":{},"end":{}}],"line":55},"1":{"loc":{"start":{"line":58,"column":6},"end":{"line":58,"column":48}},"type":"if","locations":[{"start":{"line":58,"column":6},"end":{"line":58,"column":48}},{"start":{},"end":{}}],"line":58},"2":{"loc":{"start":{"line":59,"column":6},"end":{"line":59,"column":49}},"type":"if","locations":[{"start":{"line":59,"column":6},"end":{"line":59,"column":49}},{"start":{},"end":{}}],"line":59},"3":{"loc":{"start":{"line":67,"column":2},"end":{"line":83,"column":3}},"type":"if","locations":[{"start":{"line":67,"column":2},"end":{"line":83,"column":3}},{"start":{},"end":{}}],"line":67},"4":{"loc":{"start":{"line":69,"column":6},"end":{"line":69,"column":56}},"type":"if","locations":[{"start":{"line":69,"column":6},"end":{"line":69,"column":56}},{"start":{},"end":{}}],"line":69},"5":{"loc":{"start":{"line":75,"column":6},"end":{"line":81,"column":7}},"type":"if","locations":[{"start":{"line":75,"column":6},"end":{"line":81,"column":7}},{"start":{},"end":{}}],"line":75}},"s":{"0":2,"1":9,"2":9,"3":9,"4":9,"5":9,"6":9,"7":9,"8":9,"9":9,"10":9,"11":9,"12":9,"13":9,"14":0,"15":0,"16":0,"17":0,"18":0,"19":0,"20":0,"21":0,"22":0,"23":9,"24":9,"25":0,"26":9,"27":9,"28":0,"29":0,"30":0,"31":0,"32":0,"33":0,"34":0,"35":0,"36":0,"37":0,"38":0,"39":9,"40":8,"41":8,"42":8,"43":0,"44":0,"45":0,"46":0,"47":0,"48":9,"49":9,"50":9,"51":9},"f":{"0":9,"1":9,"2":0,"3":0,"4":0,"5":8,"6":0,"7":9},"b":{"0":[0,0],"1":[0,0],"2":[0,0],"3":[9,0],"4":[0,0],"5":[0,0]},"_coverageSchema":"1a1c01bbd47fc00a2c39e90264f33305004495a9","hash":"4bf9471c71f3d79eb21a1882bf4532b2ff2f3773"}
,"C:\\Users\\senth\\OneDrive\\Documents\\lap-counter\\src\\state\\useLapCounter.ts": {"path":"C:\\Users\\senth\\OneDrive\\Documents\\lap-counter\\src\\state\\useLapCounter.ts","statementMap":{"0":{"start":{"line":21,"column":23},"end":{"line":21,"column":44}},"1":{"start":{"line":22,"column":25},"end":{"line":22,"column":29}},"2":{"start":{"line":34,"column":28},"end":{"line":36,"column":3}},"3":{"start":{"line":35,"column":4},"end":{"line":35,"column":24}},"4":{"start":{"line":38,"column":23},"end":{"line":38,"column":60}},"5":{"start":{"line":39,"column":26},"end":{"line":39,"column":66}},"6":{"start":{"line":40,"column":24},"end":{"line":40,"column":70}},"7":{"start":{"line":41,"column":18},"end":{"line":41,"column":69}},"8":{"start":{"line":42,"column":19},"end":{"line":42,"column":52}},"9":{"start":{"line":43,"column":22},"end":{"line":43,"column":35}},"10":{"start":{"line":45,"column":19},"end":{"line":56,"column":8}},"11":{"start":{"line":46,"column":4},"end":{"line":49,"column":5}},"12":{"start":{"line":47,"column":6},"end":{"line":47,"column":37}},"13":{"start":{"line":48,"column":6},"end":{"line":48,"column":29}},"14":{"start":{"line":50,"column":4},"end":{"line":50,"column":33}},"15":{"start":{"line":51,"column":4},"end":{"line":51,"column":32}},"16":{"start":{"line":52,"column":4},"end":{"line":52,"column":36}},"17":{"start":{"line":53,"column":4},"end":{"line":53,"column":35}},"18":{"start":{"line":54,"column":4},"end":{"line":54,"column":34}},"19":{"start":{"line":55,"column":4},"end":{"line":55,"column":40}},"20":{"start":{"line":58,"column":16},"end":{"line":104,"column":3}},"21":{"start":{"line":60,"column":6},"end":{"line":60,"column":38}},"22":{"start":{"line":60,"column":31},"end":{"line":60,"column":38}},"23":{"start":{"line":61,"column":6},"end":{"line":61,"column":33}},"24":{"start":{"line":62,"column":6},"end":{"line":62,"column":30}},"25":{"start":{"line":63,"column":6},"end":{"line":101,"column":7}},"26":{"start":{"line":64,"column":8},"end":{"line":64,"column":53}},"27":{"start":{"line":65,"column":23},"end":{"line":65,"column":49}},"28":{"start":{"line":66,"column":8},"end":{"line":66,"column":41}},"29":{"start":{"line":67,"column":20},"end":{"line":72,"column":9}},"30":{"start":{"line":68,"column":19},"end":{"line":68,"column":49}},"31":{"start":{"line":70,"column":12},"end":{"line":70,"column":56}},"32":{"start":{"line":73,"column":8},"end":{"line":73,"column":35}},"33":{"start":{"line":75,"column":8},"end":{"line":75,"column":44}},"34":{"start":{"line":77,"column":8},"end":{"line":92,"column":29}},"35":{"start":{"line":78,"column":29},"end":{"line":78,"column":64}},"36":{"start":{"line":79,"column":10},"end":{"line":79,"column":34}},"37":{"start":{"line":79,"column":27},"end":{"line":79,"column":34}},"38":{"start":{"line":80,"column":26},"end":{"line":80,"column":58}},"39":{"start":{"line":81,"column":10},"end":{"line":91,"column":13}},"40":{"start":{"line":94,"column":8},"end":{"line":96,"column":10}},"41":{"start":{"line":97,"column":8},"end":{"line":97,"column":19}},"42":{"start":{"line":98,"column":8},"end":{"line":98,"column":36}},"43":{"start":{"line":100,"column":8},"end":{"line":100,"column":36}},"44":{"start":{"line":106,"column":15},"end":{"line":109,"column":16}},"45":{"start":{"line":107,"column":4},"end":{"line":107,"column":15}},"46":{"start":{"line":108,"column":4},"end":{"line":108,"column":31}},"47":{"start":{"line":111,"column":16},"end":{"line":114,"column":16}},"48":{"start":{"line":112,"column":4},"end":{"line":112,"column":15}},"49":{"start":{"line":113,"column":4},"end":{"line":113,"column":32}},"50":{"start":{"line":118,"column":28},"end":{"line":118,"column":55}},"51":{"start":{"line":119,"column":2},"end":{"line":124,"column":24}},"52":{"start":{"line":120,"column":4},"end":{"line":123,"column":5}},"53":{"start":{"line":121,"column":6},"end":{"line":121,"column":50}},"54":{"start":{"line":122,"column":6},"end":{"line":122,"column":47}},"55":{"start":{"line":128,"column":2},"end":{"line":141,"column":20}},"56":{"start":{"line":129,"column":4},"end":{"line":140,"column":5}},"57":{"start":{"line":130,"column":6},"end":{"line":133,"column":7}},"58":{"start":{"line":131,"column":8},"end":{"line":131,"column":39}},"59":{"start":{"line":132,"column":8},"end":{"line":132,"column":31}},"60":{"start":{"line":134,"column":6},"end":{"line":134,"column":35}},"61":{"start":{"line":135,"column":6},"end":{"line":135,"column":34}},"62":{"start":{"line":136,"column":6},"end":{"line":136,"column":38}},"63":{"start":{"line":137,"column":6},"end":{"line":137,"column":37}},"64":{"start":{"line":138,"column":6},"end":{"line":138,"column":36}},"65":{"start":{"line":139,"column":6},"end":{"line":139,"column":42}},"66":{"start":{"line":144,"column":2},"end":{"line":148,"column":17}},"67":{"start":{"line":145,"column":4},"end":{"line":147,"column":6}},"68":{"start":{"line":146,"column":6},"end":{"line":146,"column":17}},"69":{"start":{"line":150,"column":2},"end":{"line":158,"column":4}}},"fnMap":{"0":{"name":"useLapCounter","decl":{"start":{"line":33,"column":16},"end":{"line":33,"column":29}},"loc":{"start":{"line":33,"column":32},"end":{"line":159,"column":1}},"line":33},"1":{"name":"(anonymous_1)","decl":{"start":{"line":34,"column":59},"end":{"line":34,"column":60}},"loc":{"start":{"line":35,"column":4},"end":{"line":35,"column":24}},"line":35},"2":{"name":"(anonymous_2)","decl":{"start":{"line":45,"column":31},"end":{"line":45,"column":32}},"loc":{"start":{"line":45,"column":37},"end":{"line":56,"column":3}},"line":45},"3":{"name":"(anonymous_3)","decl":{"start":{"line":59,"column":4},"end":{"line":59,"column":5}},"loc":{"start":{"line":59,"column":48},"end":{"line":102,"column":5}},"line":59},"4":{"name":"(anonymous_4)","decl":{"start":{"line":68,"column":10},"end":{"line":68,"column":11}},"loc":{"start":{"line":68,"column":19},"end":{"line":68,"column":49}},"line":68},"5":{"name":"(anonymous_5)","decl":{"start":{"line":69,"column":10},"end":{"line":69,"column":11}},"loc":{"start":{"line":69,"column":19},"end":{"line":71,"column":11}},"line":69},"6":{"name":"(anonymous_6)","decl":{"start":{"line":77,"column":38},"end":{"line":77,"column":39}},"loc":{"start":{"line":77,"column":44},"end":{"line":92,"column":9}},"line":77},"7":{"name":"(anonymous_7)","decl":{"start":{"line":106,"column":27},"end":{"line":106,"column":28}},"loc":{"start":{"line":106,"column":33},"end":{"line":109,"column":3}},"line":106},"8":{"name":"(anonymous_8)","decl":{"start":{"line":111,"column":28},"end":{"line":111,"column":29}},"loc":{"start":{"line":111,"column":34},"end":{"line":114,"column":3}},"line":111},"9":{"name":"(anonymous_9)","decl":{"start":{"line":119,"column":12},"end":{"line":119,"column":13}},"loc":{"start":{"line":119,"column":18},"end":{"line":124,"column":3}},"line":119},"10":{"name":"(anonymous_10)","decl":{"start":{"line":128,"column":12},"end":{"line":128,"column":13}},"loc":{"start":{"line":128,"column":18},"end":{"line":141,"column":3}},"line":128},"11":{"name":"(anonymous_11)","decl":{"start":{"line":144,"column":12},"end":{"line":144,"column":13}},"loc":{"start":{"line":144,"column":18},"end":{"line":148,"column":3}},"line":144},"12":{"name":"(anonymous_12)","decl":{"start":{"line":145,"column":11},"end":{"line":145,"column":12}},"loc":{"start":{"line":145,"column":17},"end":{"line":147,"column":5}},"line":145}},"branchMap":{"0":{"loc":{"start":{"line":46,"column":4},"end":{"line":49,"column":5}},"type":"if","locations":[{"start":{"line":46,"column":4},"end":{"line":49,"column":5}},{"start":{},"end":{}}],"line":46},"1":{"loc":{"start":{"line":60,"column":6},"end":{"line":60,"column":38}},"type":"if","locations":[{"start":{"line":60,"column":6},"end":{"line":60,"column":38}},{"start":{},"end":{}}],"line":60},"2":{"loc":{"start":{"line":79,"column":10},"end":{"line":79,"column":34}},"type":"if","locations":[{"start":{"line":79,"column":10},"end":{"line":79,"column":34}},{"start":{},"end":{}}],"line":79},"3":{"loc":{"start":{"line":95,"column":19},"end":{"line":95,"column":67}},"type":"cond-expr","locations":[{"start":{"line":95,"column":42},"end":{"line":95,"column":53}},{"start":{"line":95,"column":56},"end":{"line":95,"column":67}}],"line":95},"4":{"loc":{"start":{"line":120,"column":4},"end":{"line":123,"column":5}},"type":"if","locations":[{"start":{"line":120,"column":4},"end":{"line":123,"column":5}},{"start":{},"end":{}}],"line":120},"5":{"loc":{"start":{"line":120,"column":8},"end":{"line":120,"column":72}},"type":"binary-expr","locations":[{"start":{"line":120,"column":8},"end":{"line":120,"column":23}},{"start":{"line":120,"column":27},"end":{"line":120,"column":72}}],"line":120},"6":{"loc":{"start":{"line":129,"column":4},"end":{"line":140,"column":5}},"type":"if","locations":[{"start":{"line":129,"column":4},"end":{"line":140,"column":5}},{"start":{},"end":{}}],"line":129},"7":{"loc":{"start":{"line":130,"column":6},"end":{"line":133,"column":7}},"type":"if","locations":[{"start":{"line":130,"column":6},"end":{"line":133,"column":7}},{"start":{},"end":{}}],"line":130}},"s":{"0":2,"1":2,"2":41,"3":13,"4":41,"5":41,"6":41,"7":41,"8":41,"9":41,"10":41,"11":16,"12":9,"13":9,"14":16,"15":16,"16":16,"17":16,"18":16,"19":16,"20":41,"21":9,"22":0,"23":9,"24":9,"25":9,"26":9,"27":9,"28":9,"29":9,"30":43,"31":0,"32":9,"33":9,"34":9,"35":8,"36":8,"37":0,"38":8,"39":8,"40":0,"41":0,"42":0,"43":9,"44":41,"45":2,"46":2,"47":41,"48":1,"49":1,"50":41,"51":41,"52":13,"53":0,"54":0,"55":41,"56":26,"57":0,"58":0,"59":0,"60":0,"61":0,"62":0,"63":0,"64":0,"65":0,"66":41,"67":13,"68":13,"69":41},"f":{"0":41,"1":13,"2":16,"3":9,"4":43,"5":0,"6":8,"7":2,"8":1,"9":13,"10":26,"11":13,"12":13},"b":{"0":[9,7],"1":[0,9],"2":[0,8],"3":[0,0],"4":[0,13],"5":[13,0],"6":[0,26],"7":[0,0]},"_coverageSchema":"1a1c01bbd47fc00a2c39e90264f33305004495a9","hash":"cf16a1537c464a73e6a7a6ce49bd367a83652e72"}
}
