TN:
SF:App.tsx
FN:22,App
FN:34,(anonymous_1)
FN:39,(anonymous_2)
FN:116,SetupCard
FN:135,(anonymous_4)
FN:150,RunningCard
FN:185,(anonymous_6)
FN:194,(anonymous_7)
FN:206,FinishedCard
FN:228,(anonymous_9)
FN:239,DebugPanel
FN:266,DebugRow
FNF:12
FNH:10
FNDA:23,App
FNDA:13,(anonymous_1)
FNDA:7,(anonymous_2)
FNDA:17,SetupCard
FNDA:17,(anonymous_4)
FNDA:6,RunningCard
FNDA:6,(anonymous_6)
FNDA:6,(anonymous_7)
FNDA:0,FinishedCard
FNDA:0,(anonymous_9)
FNDA:1,DebugPanel
FNDA:4,DebugRow
DA:24,23
DA:26,23
DA:27,23
DA:29,23
DA:30,23
DA:31,23
DA:32,23
DA:34,23
DA:35,13
DA:36,13
DA:39,23
DA:40,7
DA:41,7
DA:42,2
DA:43,2
DA:45,5
DA:48,23
DA:121,17
DA:135,17
DA:158,6
DA:185,6
DA:194,6
DA:211,0
DA:228,0
DA:246,1
DA:267,4
DA:275,1
LF:27
LH:25
BRDA:32,0,0,23
BRDA:32,0,1,6
BRDA:35,1,0,0
BRDA:35,1,1,13
BRDA:41,2,0,2
BRDA:41,2,1,5
BRDA:41,3,0,7
BRDA:41,3,1,6
BRDA:53,4,0,23
BRDA:53,4,1,0
BRDA:62,5,0,23
BRDA:62,5,1,17
BRDA:70,6,0,23
BRDA:70,6,1,6
BRDA:81,7,0,23
BRDA:81,7,1,0
BRDA:85,8,0,23
BRDA:85,8,1,0
BRDA:100,9,0,23
BRDA:100,9,1,1
BRDA:137,10,0,17
BRDA:137,10,1,0
BRDA:187,11,0,6
BRDA:187,11,1,0
BRDA:196,12,0,6
BRDA:196,12,1,0
BRDA:230,13,0,0
BRDA:230,13,1,0
BRF:28
BRH:19
end_of_record
TN:
SF:src\logic\fingerprint.ts
FN:28,jaccard
FN:43,rssiCosine
FN:73,similarity
FN:86,magneticDelta
FN:95,refineFingerprint
FN:130,emptyFingerprint
FNF:6
FNH:6
FNDA:305,jaccard
FNDA:305,rssiCosine
FNDA:305,similarity
FNDA:296,magneticDelta
FNDA:171,refineFingerprint
FNDA:76,emptyFingerprint
DA:19,5
DA:29,305
DA:30,304
DA:31,304
DA:32,2003
DA:34,304
DA:35,304
DA:44,305
DA:45,305
DA:46,2003
DA:48,305
DA:50,289
DA:51,289
DA:52,289
DA:53,289
DA:54,1748
DA:55,1748
DA:56,1748
DA:57,1748
DA:58,1748
DA:60,289
DA:61,289
DA:78,305
DA:79,305
DA:80,305
DA:81,305
DA:82,305
DA:87,296
DA:100,171
DA:101,171
DA:105,171
DA:106,421
DA:107,421
DA:108,421
DA:109,364
DA:110,57
DA:112,54
DA:113,3
DA:114,3
DA:118,171
DA:119,421
DA:122,171
DA:131,76
LF:43
LH:43
BRDA:29,0,0,1
BRDA:29,0,1,304
BRDA:29,1,0,305
BRDA:29,1,1,1
BRDA:32,2,0,1748
BRDA:32,2,1,255
BRDA:35,3,0,0
BRDA:35,3,1,304
BRDA:46,4,0,1748
BRDA:46,4,1,255
BRDA:48,5,0,16
BRDA:48,5,1,289
BRDA:54,6,0,1748
BRDA:54,6,1,0
BRDA:55,7,0,1748
BRDA:55,7,1,0
BRDA:60,8,0,0
BRDA:60,8,1,289
BRDA:60,9,0,289
BRDA:60,9,1,289
BRDA:76,10,0,305
BRDA:98,11,0,0
BRDA:108,12,0,364
BRDA:108,12,1,57
BRDA:108,13,0,421
BRDA:108,13,1,418
BRDA:110,14,0,54
BRDA:110,14,1,3
BRDA:113,15,0,3
BRDA:113,15,1,0
BRDA:119,16,0,1
BRDA:119,16,1,420
BRF:32
BRH:26
end_of_record
TN:
SF:src\logic\lapDetector.ts
FN:83,createInitialState
FN:106,averageSamples
FN:126,(anonymous_2)
FN:136,reducer
FN:249,statusLabel
FNF:5
FNH:5
FNDA:74,createInitialState
FNDA:16,averageSamples
FNDA:93,(anonymous_2)
FNDA:428,reducer
FNDA:48,statusLabel
DA:40,4
DA:86,74
DA:107,16
DA:109,16
DA:110,16
DA:111,93
DA:112,520
DA:113,520
DA:114,520
DA:115,520
DA:119,16
DA:120,16
DA:121,16
DA:122,88
DA:126,93
DA:128,16
DA:137,428
DA:139,28
DA:143,28
DA:152,5
DA:155,395
DA:157,395
DA:158,6
DA:161,389
DA:162,95
DA:163,95
DA:164,95
DA:165,95
DA:166,16
DA:167,16
DA:178,79
DA:186,294
DA:187,294
DA:188,294
DA:194,294
DA:196,294
DA:197,294
DA:200,294
DA:203,294
DA:205,294
DA:206,203
DA:207,21
DA:209,182
DA:212,91
DA:213,72
DA:214,20
DA:216,52
DA:220,19
DA:221,1
DA:223,18
DA:224,17
DA:225,17
DA:230,17
DA:231,17
DA:240,1
DA:244,0
DA:250,48
DA:252,24
DA:254,17
DA:256,3
DA:258,1
DA:260,1
DA:262,2
LF:63
LH:62
BRDA:84,0,0,36
BRDA:107,1,0,0
BRDA:107,1,1,16
BRDA:112,2,0,520
BRDA:112,2,1,88
BRDA:122,3,0,87
BRDA:122,3,1,1
BRDA:137,4,0,28
BRDA:137,4,1,3
BRDA:137,4,2,5
BRDA:137,4,3,395
BRDA:137,4,4,0
BRDA:139,5,0,28
BRDA:139,5,1,11
BRDA:157,6,0,6
BRDA:157,6,1,389
BRDA:157,7,0,395
BRDA:157,7,1,394
BRDA:161,8,0,95
BRDA:161,8,1,294
BRDA:162,9,0,95
BRDA:162,9,1,18
BRDA:165,10,0,16
BRDA:165,10,1,79
BRDA:165,11,0,95
BRDA:165,11,1,16
BRDA:196,12,0,68
BRDA:196,12,1,226
BRDA:200,13,0,294
BRDA:200,13,1,194
BRDA:200,13,2,194
BRDA:205,14,0,203
BRDA:205,14,1,91
BRDA:206,15,0,21
BRDA:206,15,1,182
BRDA:212,16,0,72
BRDA:212,16,1,19
BRDA:213,17,0,20
BRDA:213,17,1,52
BRDA:220,18,0,1
BRDA:220,18,1,18
BRDA:223,19,0,17
BRDA:223,19,1,1
BRDA:223,20,0,18
BRDA:223,20,1,18
BRDA:237,21,0,4
BRDA:237,21,1,13
BRDA:250,22,0,24
BRDA:250,22,1,17
BRDA:250,22,2,3
BRDA:250,22,3,1
BRDA:250,22,4,1
BRDA:250,22,5,2
BRF:53
BRH:51
end_of_record
TN:
SF:src\sensors\bleScanner.ts
FN:15,getManager
FN:26,__resetForTests
FN:41,waitForPoweredOn
FN:45,(anonymous_3)
FN:46,(anonymous_4)
FN:51,(anonymous_5)
FN:73,startBleScan
FN:83,(anonymous_7)
FN:99,(anonymous_8)
FN:119,(anonymous_9)
FN:123,(anonymous_10)
FN:133,(anonymous_11)
FN:137,(anonymous_12)
FN:143,(anonymous_13)
FN:149,(anonymous_14)
FNF:15
FNH:12
FNDA:9,getManager
FNDA:13,__resetForTests
FNDA:9,waitForPoweredOn
FNDA:0,(anonymous_3)
FNDA:0,(anonymous_4)
FNDA:0,(anonymous_5)
FNDA:9,startBleScan
FNDA:43,(anonymous_7)
FNDA:9,(anonymous_8)
FNDA:41,(anonymous_9)
FNDA:43,(anonymous_10)
FNDA:8,(anonymous_11)
FNDA:168,(anonymous_12)
FNDA:153,(anonymous_13)
FNDA:16,(anonymous_14)
DA:13,2
DA:16,9
DA:17,9
DA:19,9
DA:27,13
DA:28,7
DA:29,7
DA:34,13
DA:42,9
DA:43,9
DA:45,0
DA:46,0
DA:47,0
DA:48,0
DA:51,0
DA:52,0
DA:53,0
DA:54,0
DA:55,0
DA:56,0
DA:57,0
DA:58,0
DA:59,0
DA:77,9
DA:78,9
DA:80,9
DA:84,43
DA:85,0
DA:86,0
DA:88,43
DA:89,43
DA:98,9
DA:100,9
DA:101,9
DA:117,41
DA:120,41
DA:124,43
DA:125,43
DA:126,43
DA:134,8
DA:135,8
DA:136,8
DA:137,168
DA:138,38
DA:139,0
DA:140,0
DA:142,38
DA:143,153
DA:144,38
DA:146,8
DA:150,16
LF:51
LH:34
BRDA:16,0,0,9
BRDA:16,0,1,0
BRDA:27,1,0,7
BRDA:27,1,1,6
BRDA:41,2,0,9
BRDA:43,3,0,9
BRDA:43,3,1,0
BRDA:52,4,0,0
BRDA:52,4,1,0
BRDA:56,5,0,0
BRDA:56,5,1,0
BRDA:56,6,0,0
BRDA:56,6,1,0
BRDA:84,7,0,0
BRDA:84,7,1,43
BRDA:88,8,0,43
BRDA:88,8,1,0
BRDA:88,9,0,43
BRDA:88,9,1,43
BRDA:119,10,0,0
BRDA:124,11,0,43
BRDA:124,11,1,8
BRDA:133,12,0,8
BRDA:138,13,0,0
BRDA:138,13,1,38
BRF:25
BRH:13
end_of_record
TN:
SF:src\sensors\motionTracker.ts
FN:37,startMotionTracker
FN:48,(anonymous_1)
FN:53,(anonymous_2)
FN:66,(anonymous_3)
FN:68,(anonymous_4)
FN:86,(anonymous_5)
FN:97,(anonymous_6)
FN:104,(anonymous_7)
FNF:8
FNH:4
FNDA:9,startMotionTracker
FNDA:9,(anonymous_1)
FNDA:0,(anonymous_2)
FNDA:0,(anonymous_3)
FNDA:0,(anonymous_4)
FNDA:8,(anonymous_5)
FNDA:0,(anonymous_6)
FNDA:9,(anonymous_7)
DA:30,2
DA:38,9
DA:39,9
DA:40,9
DA:41,9
DA:42,9
DA:43,9
DA:44,9
DA:45,9
DA:47,9
DA:48,9
DA:49,9
DA:52,9
DA:53,9
DA:54,0
DA:55,0
DA:57,0
DA:58,0
DA:59,0
DA:60,0
DA:61,0
DA:65,9
DA:66,9
DA:67,9
DA:68,9
DA:69,0
DA:70,0
DA:71,0
DA:72,0
DA:73,0
DA:75,0
DA:77,0
DA:78,0
DA:79,0
DA:80,0
DA:85,9
DA:87,8
DA:88,8
DA:89,8
DA:98,0
DA:99,0
DA:100,0
DA:101,0
DA:102,0
DA:105,9
DA:106,9
DA:107,9
DA:111,9
LF:48
LH:26
BRDA:55,0,0,0
BRDA:55,0,1,0
BRDA:58,1,0,0
BRDA:58,1,1,0
BRDA:59,2,0,0
BRDA:59,2,1,0
BRDA:67,3,0,9
BRDA:67,3,1,0
BRDA:69,4,0,0
BRDA:69,4,1,0
BRDA:75,5,0,0
BRDA:75,5,1,0
BRF:12
BRH:1
end_of_record
TN:
SF:src\state\useLapCounter.ts
FN:33,useLapCounter
FN:34,(anonymous_1)
FN:45,(anonymous_2)
FN:59,(anonymous_3)
FN:68,(anonymous_4)
FN:69,(anonymous_5)
FN:77,(anonymous_6)
FN:106,(anonymous_7)
FN:111,(anonymous_8)
FN:119,(anonymous_9)
FN:128,(anonymous_10)
FN:144,(anonymous_11)
FN:145,(anonymous_12)
FNF:13
FNH:12
FNDA:41,useLapCounter
FNDA:13,(anonymous_1)
FNDA:16,(anonymous_2)
FNDA:9,(anonymous_3)
FNDA:43,(anonymous_4)
FNDA:0,(anonymous_5)
FNDA:8,(anonymous_6)
FNDA:2,(anonymous_7)
FNDA:1,(anonymous_8)
FNDA:13,(anonymous_9)
FNDA:26,(anonymous_10)
FNDA:13,(anonymous_11)
FNDA:13,(anonymous_12)
DA:21,2
DA:22,2
DA:34,41
DA:35,13
DA:38,41
DA:39,41
DA:40,41
DA:41,41
DA:42,41
DA:43,41
DA:45,41
DA:46,16
DA:47,9
DA:48,9
DA:50,16
DA:51,16
DA:52,16
DA:53,16
DA:54,16
DA:55,16
DA:58,41
DA:60,9
DA:61,9
DA:62,9
DA:63,9
DA:64,9
DA:65,9
DA:66,9
DA:67,9
DA:68,43
DA:70,0
DA:73,9
DA:75,9
DA:77,9
DA:78,8
DA:79,8
DA:80,8
DA:81,8
DA:94,0
DA:97,0
DA:98,0
DA:100,9
DA:106,41
DA:107,2
DA:108,2
DA:111,41
DA:112,1
DA:113,1
DA:118,41
DA:119,41
DA:120,13
DA:121,0
DA:122,0
DA:128,41
DA:129,26
DA:130,0
DA:131,0
DA:132,0
DA:134,0
DA:135,0
DA:136,0
DA:137,0
DA:138,0
DA:139,0
DA:144,41
DA:145,13
DA:146,13
DA:150,41
LF:68
LH:53
BRDA:46,0,0,9
BRDA:46,0,1,7
BRDA:60,1,0,0
BRDA:60,1,1,9
BRDA:79,2,0,0
BRDA:79,2,1,8
BRDA:95,3,0,0
BRDA:95,3,1,0
BRDA:120,4,0,0
BRDA:120,4,1,13
BRDA:120,5,0,13
BRDA:120,5,1,0
BRDA:129,6,0,0
BRDA:129,6,1,26
BRDA:130,7,0,0
BRDA:130,7,1,0
BRF:16
BRH:7
end_of_record
